{"C:\\Users\\Valentin\\Desktop\\FitGive\\src\\firebase.js": {"path":"C:\\Users\\Valentin\\Desktop\\FitGive\\src\\firebase.js","statementMap":{"0":{"start":{"line":6,"column":12},"end":{"line":19,"column":2}},"1":{"start":{"line":21,"column":20},"end":{"line":21,"column":30}},"2":{"start":{"line":22,"column":18},"end":{"line":22,"column":33}}},"fnMap":{},"branchMap":{},"s":{"0":4,"1":4,"2":4},"f":{},"b":{},"_coverageSchema":"1a1c01bbd47fc00a2c39e90264f33305004495a9","hash":"54a71be800f750b0aaae1a28839e273e1d648a7c"}
,"C:\\Users\\Valentin\\Desktop\\FitGive\\src\\index.js": {"path":"C:\\Users\\Valentin\\Desktop\\FitGive\\src\\index.js","statementMap":{"0":{"start":{"line":18,"column":13},"end":{"line":18,"column":35}},"1":{"start":{"line":20,"column":0},"end":{"line":33,"column":2}}},"fnMap":{},"branchMap":{},"s":{"0":0,"1":0},"f":{},"b":{}}
,"C:\\Users\\Valentin\\Desktop\\FitGive\\src\\privateRoute.js": {"path":"C:\\Users\\Valentin\\Desktop\\FitGive\\src\\privateRoute.js","statementMap":{"0":{"start":{"line":7,"column":28},"end":{"line":7,"column":37}},"1":{"start":{"line":9,"column":4},"end":{"line":17,"column":5}},"2":{"start":{"line":13,"column":16},"end":{"line":13,"column":90}}},"fnMap":{"0":{"name":"privateRoute","decl":{"start":{"line":5,"column":24},"end":{"line":5,"column":36}},"loc":{"start":{"line":5,"column":70},"end":{"line":18,"column":1}},"line":5},"1":{"name":"(anonymous_1)","decl":{"start":{"line":12,"column":20},"end":{"line":12,"column":21}},"loc":{"start":{"line":12,"column":29},"end":{"line":14,"column":13}},"line":12}},"branchMap":{"0":{"loc":{"start":{"line":13,"column":23},"end":{"line":13,"column":90}},"type":"cond-expr","locations":[{"start":{"line":13,"column":37},"end":{"line":13,"column":61}},{"start":{"line":13,"column":64},"end":{"line":13,"column":90}}],"line":13}},"s":{"0":0,"1":0,"2":0},"f":{"0":0,"1":0},"b":{"0":[0,0]}}
,"C:\\Users\\Valentin\\Desktop\\FitGive\\src\\routes.js": {"path":"C:\\Users\\Valentin\\Desktop\\FitGive\\src\\routes.js","statementMap":{"0":{"start":{"line":11,"column":24},"end":{"line":68,"column":1}}},"fnMap":{},"branchMap":{},"s":{"0":0},"f":{},"b":{}}
,"C:\\Users\\Valentin\\Desktop\\FitGive\\src\\assets\\jss\\material-dashboard-react.js": {"path":"C:\\Users\\Valentin\\Desktop\\FitGive\\src\\assets\\jss\\material-dashboard-react.js","statementMap":{"0":{"start":{"line":8,"column":17},"end":{"line":32,"column":1}},"1":{"start":{"line":9,"column":2},"end":{"line":9,"column":21}},"2":{"start":{"line":10,"column":2},"end":{"line":10,"column":33}},"3":{"start":{"line":11,"column":17},"end":{"line":11,"column":31}},"4":{"start":{"line":12,"column":2},"end":{"line":14,"column":3}},"5":{"start":{"line":13,"column":4},"end":{"line":13,"column":55}},"6":{"start":{"line":15,"column":2},"end":{"line":20,"column":3}},"7":{"start":{"line":16,"column":16},"end":{"line":16,"column":24}},"8":{"start":{"line":17,"column":17},"end":{"line":17,"column":25}},"9":{"start":{"line":18,"column":15},"end":{"line":18,"column":23}},"10":{"start":{"line":19,"column":4},"end":{"line":19,"column":58}},"11":{"start":{"line":21,"column":2},"end":{"line":21,"column":30}},"12":{"start":{"line":22,"column":14},"end":{"line":22,"column":33}},"13":{"start":{"line":23,"column":15},"end":{"line":23,"column":34}},"14":{"start":{"line":24,"column":13},"end":{"line":24,"column":32}},"15":{"start":{"line":25,"column":2},"end":{"line":31,"column":4}},"16":{"start":{"line":38,"column":20},"end":{"line":38,"column":23}},"17":{"start":{"line":40,"column":19},"end":{"line":42,"column":1}},"18":{"start":{"line":44,"column":18},"end":{"line":49,"column":1}},"19":{"start":{"line":51,"column":20},"end":{"line":55,"column":1}},"20":{"start":{"line":57,"column":21},"end":{"line":57,"column":65}},"21":{"start":{"line":58,"column":21},"end":{"line":58,"column":65}},"22":{"start":{"line":59,"column":20},"end":{"line":59,"column":64}},"23":{"start":{"line":60,"column":21},"end":{"line":60,"column":65}},"24":{"start":{"line":61,"column":18},"end":{"line":61,"column":62}},"25":{"start":{"line":62,"column":18},"end":{"line":62,"column":62}},"26":{"start":{"line":63,"column":18},"end":{"line":76,"column":1}},"27":{"start":{"line":77,"column":13},"end":{"line":77,"column":22}},"28":{"start":{"line":78,"column":19},"end":{"line":78,"column":25}},"29":{"start":{"line":79,"column":19},"end":{"line":79,"column":25}},"30":{"start":{"line":81,"column":18},"end":{"line":90,"column":1}},"31":{"start":{"line":92,"column":25},"end":{"line":99,"column":1}},"32":{"start":{"line":100,"column":22},"end":{"line":107,"column":1}},"33":{"start":{"line":108,"column":25},"end":{"line":115,"column":1}},"34":{"start":{"line":116,"column":25},"end":{"line":123,"column":1}},"35":{"start":{"line":124,"column":24},"end":{"line":131,"column":1}},"36":{"start":{"line":132,"column":22},"end":{"line":139,"column":1}},"37":{"start":{"line":141,"column":26},"end":{"line":145,"column":1}},"38":{"start":{"line":146,"column":26},"end":{"line":150,"column":1}},"39":{"start":{"line":151,"column":25},"end":{"line":155,"column":1}},"40":{"start":{"line":156,"column":23},"end":{"line":160,"column":1}},"41":{"start":{"line":161,"column":26},"end":{"line":164,"column":1}},"42":{"start":{"line":165,"column":23},"end":{"line":169,"column":1}},"43":{"start":{"line":171,"column":20},"end":{"line":177,"column":1}},"44":{"start":{"line":179,"column":19},"end":{"line":183,"column":1}},"45":{"start":{"line":185,"column":13},"end":{"line":194,"column":1}},"46":{"start":{"line":196,"column":25},"end":{"line":209,"column":1}},"47":{"start":{"line":211,"column":14},"end":{"line":224,"column":1}},"48":{"start":{"line":226,"column":18},"end":{"line":237,"column":1}},"49":{"start":{"line":239,"column":21},"end":{"line":241,"column":1}},"50":{"start":{"line":243,"column":17},"end":{"line":247,"column":1}}},"fnMap":{"0":{"name":"(anonymous_0)","decl":{"start":{"line":8,"column":17},"end":{"line":8,"column":18}},"loc":{"start":{"line":8,"column":26},"end":{"line":32,"column":1}},"line":8}},"branchMap":{"0":{"loc":{"start":{"line":12,"column":2},"end":{"line":14,"column":3}},"type":"if","locations":[{"start":{"line":12,"column":2},"end":{"line":14,"column":3}},{"start":{"line":12,"column":2},"end":{"line":14,"column":3}}],"line":12},"1":{"loc":{"start":{"line":12,"column":6},"end":{"line":12,"column":73}},"type":"binary-expr","locations":[{"start":{"line":12,"column":6},"end":{"line":12,"column":27}},{"start":{"line":12,"column":32},"end":{"line":12,"column":50}},{"start":{"line":12,"column":54},"end":{"line":12,"column":72}}],"line":12},"2":{"loc":{"start":{"line":15,"column":2},"end":{"line":20,"column":3}},"type":"if","locations":[{"start":{"line":15,"column":2},"end":{"line":20,"column":3}},{"start":{"line":15,"column":2},"end":{"line":20,"column":3}}],"line":15}},"s":{"0":9,"1":544,"2":544,"3":544,"4":544,"5":0,"6":544,"7":245,"8":245,"9":245,"10":245,"11":544,"12":544,"13":544,"14":544,"15":544,"16":9,"17":9,"18":9,"19":9,"20":9,"21":9,"22":9,"23":9,"24":9,"25":9,"26":9,"27":9,"28":9,"29":9,"30":9,"31":9,"32":9,"33":9,"34":9,"35":9,"36":9,"37":9,"38":9,"39":9,"40":9,"41":9,"42":9,"43":9,"44":9,"45":9,"46":9,"47":9,"48":9,"49":9,"50":9},"f":{"0":544},"b":{"0":[0,544],"1":[544,544,299],"2":[245,299]},"_coverageSchema":"1a1c01bbd47fc00a2c39e90264f33305004495a9","hash":"e822682f0f79baab00fd1eb6a643dbe0dddbe67c"}
,"C:\\Users\\Valentin\\Desktop\\FitGive\\src\\assets\\jss\\material-dashboard-react\\cardImagesStyles.js": {"path":"C:\\Users\\Valentin\\Desktop\\FitGive\\src\\assets\\jss\\material-dashboard-react\\cardImagesStyles.js","statementMap":{"0":{"start":{"line":1,"column":25},"end":{"line":24,"column":1}}},"fnMap":{},"branchMap":{},"s":{"0":0},"f":{},"b":{}}
,"C:\\Users\\Valentin\\Desktop\\FitGive\\src\\assets\\jss\\material-dashboard-react\\checkboxAdnRadioStyle.js": {"path":"C:\\Users\\Valentin\\Desktop\\FitGive\\src\\assets\\jss\\material-dashboard-react\\checkboxAdnRadioStyle.js","statementMap":{"0":{"start":{"line":7,"column":30},"end":{"line":49,"column":1}}},"fnMap":{},"branchMap":{},"s":{"0":0},"f":{},"b":{}}
,"C:\\Users\\Valentin\\Desktop\\FitGive\\src\\assets\\jss\\material-dashboard-react\\dropdownStyle.js": {"path":"C:\\Users\\Valentin\\Desktop\\FitGive\\src\\assets\\jss\\material-dashboard-react\\dropdownStyle.js","statementMap":{"0":{"start":{"line":11,"column":22},"end":{"line":122,"column":2}},"1":{"start":{"line":11,"column":32},"end":{"line":122,"column":1}}},"fnMap":{"0":{"name":"(anonymous_0)","decl":{"start":{"line":11,"column":22},"end":{"line":11,"column":23}},"loc":{"start":{"line":11,"column":32},"end":{"line":122,"column":1}},"line":11}},"branchMap":{},"s":{"0":0,"1":0},"f":{"0":0},"b":{}}
,"C:\\Users\\Valentin\\Desktop\\FitGive\\src\\assets\\jss\\material-dashboard-react\\tooltipStyle.js": {"path":"C:\\Users\\Valentin\\Desktop\\FitGive\\src\\assets\\jss\\material-dashboard-react\\tooltipStyle.js","statementMap":{"0":{"start":{"line":3,"column":21},"end":{"line":33,"column":1}}},"fnMap":{},"branchMap":{},"s":{"0":0},"f":{},"b":{}}
,"C:\\Users\\Valentin\\Desktop\\FitGive\\src\\assets\\jss\\material-dashboard-react\\components\\buttonStyle.js": {"path":"C:\\Users\\Valentin\\Desktop\\FitGive\\src\\assets\\jss\\material-dashboard-react\\components\\buttonStyle.js","statementMap":{"0":{"start":{"line":15,"column":20},"end":{"line":363,"column":1}}},"fnMap":{},"branchMap":{},"s":{"0":7},"f":{},"b":{},"_coverageSchema":"1a1c01bbd47fc00a2c39e90264f33305004495a9","hash":"5e0af55ac8bfa728dad5e37a37129acf40a0e36d"}
,"C:\\Users\\Valentin\\Desktop\\FitGive\\src\\assets\\jss\\material-dashboard-react\\components\\cardAvatarStyle.js": {"path":"C:\\Users\\Valentin\\Desktop\\FitGive\\src\\assets\\jss\\material-dashboard-react\\components\\cardAvatarStyle.js","statementMap":{"0":{"start":{"line":3,"column":24},"end":{"line":30,"column":1}}},"fnMap":{},"branchMap":{},"s":{"0":2},"f":{},"b":{},"_coverageSchema":"1a1c01bbd47fc00a2c39e90264f33305004495a9","hash":"5879f1e2152a7148dec9af8023ab860332f730cd"}
,"C:\\Users\\Valentin\\Desktop\\FitGive\\src\\assets\\jss\\material-dashboard-react\\components\\cardBodyStyle.js": {"path":"C:\\Users\\Valentin\\Desktop\\FitGive\\src\\assets\\jss\\material-dashboard-react\\components\\cardBodyStyle.js","statementMap":{"0":{"start":{"line":1,"column":22},"end":{"line":15,"column":1}}},"fnMap":{},"branchMap":{},"s":{"0":5},"f":{},"b":{},"_coverageSchema":"1a1c01bbd47fc00a2c39e90264f33305004495a9","hash":"31b164a42c26bce6fe620f32636a3f2f135c02ed"}
,"C:\\Users\\Valentin\\Desktop\\FitGive\\src\\assets\\jss\\material-dashboard-react\\components\\cardFooterStyle.js": {"path":"C:\\Users\\Valentin\\Desktop\\FitGive\\src\\assets\\jss\\material-dashboard-react\\components\\cardFooterStyle.js","statementMap":{"0":{"start":{"line":3,"column":24},"end":{"line":45,"column":1}}},"fnMap":{},"branchMap":{},"s":{"0":3},"f":{},"b":{},"_coverageSchema":"1a1c01bbd47fc00a2c39e90264f33305004495a9","hash":"8c1545e65862bfac5b74e7c71280212e80b6fb7e"}
,"C:\\Users\\Valentin\\Desktop\\FitGive\\src\\assets\\jss\\material-dashboard-react\\components\\cardHeaderStyle.js": {"path":"C:\\Users\\Valentin\\Desktop\\FitGive\\src\\assets\\jss\\material-dashboard-react\\components\\cardHeaderStyle.js","statementMap":{"0":{"start":{"line":11,"column":24},"end":{"line":122,"column":1}}},"fnMap":{},"branchMap":{},"s":{"0":5},"f":{},"b":{},"_coverageSchema":"1a1c01bbd47fc00a2c39e90264f33305004495a9","hash":"d80bedbc3fdd86abe2f530501f7389de977007aa"}
,"C:\\Users\\Valentin\\Desktop\\FitGive\\src\\assets\\jss\\material-dashboard-react\\components\\cardIconStyle.js": {"path":"C:\\Users\\Valentin\\Desktop\\FitGive\\src\\assets\\jss\\material-dashboard-react\\components\\cardIconStyle.js","statementMap":{"0":{"start":{"line":11,"column":22},"end":{"line":28,"column":1}}},"fnMap":{},"branchMap":{},"s":{"0":2},"f":{},"b":{},"_coverageSchema":"1a1c01bbd47fc00a2c39e90264f33305004495a9","hash":"b0c85671e582985f7bfe3a1936dfcf3e759985d2"}
,"C:\\Users\\Valentin\\Desktop\\FitGive\\src\\assets\\jss\\material-dashboard-react\\components\\cardStyle.js": {"path":"C:\\Users\\Valentin\\Desktop\\FitGive\\src\\assets\\jss\\material-dashboard-react\\components\\cardStyle.js","statementMap":{"0":{"start":{"line":7,"column":18},"end":{"line":38,"column":1}}},"fnMap":{},"branchMap":{},"s":{"0":6},"f":{},"b":{},"_coverageSchema":"1a1c01bbd47fc00a2c39e90264f33305004495a9","hash":"b441ddceb7875e420fae488111b6777e18dfb3d8"}
,"C:\\Users\\Valentin\\Desktop\\FitGive\\src\\assets\\jss\\material-dashboard-react\\components\\customInputStyle.js": {"path":"C:\\Users\\Valentin\\Desktop\\FitGive\\src\\assets\\jss\\material-dashboard-react\\components\\customInputStyle.js","statementMap":{"0":{"start":{"line":9,"column":25},"end":{"line":68,"column":1}}},"fnMap":{},"branchMap":{},"s":{"0":0},"f":{},"b":{}}
,"C:\\Users\\Valentin\\Desktop\\FitGive\\src\\assets\\jss\\material-dashboard-react\\components\\customTabsStyle.js": {"path":"C:\\Users\\Valentin\\Desktop\\FitGive\\src\\assets\\jss\\material-dashboard-react\\components\\customTabsStyle.js","statementMap":{"0":{"start":{"line":3,"column":24},"end":{"line":56,"column":1}}},"fnMap":{},"branchMap":{},"s":{"0":0},"f":{},"b":{}}
,"C:\\Users\\Valentin\\Desktop\\FitGive\\src\\assets\\jss\\material-dashboard-react\\components\\footerStyle.js": {"path":"C:\\Users\\Valentin\\Desktop\\FitGive\\src\\assets\\jss\\material-dashboard-react\\components\\footerStyle.js","statementMap":{"0":{"start":{"line":8,"column":20},"end":{"line":53,"column":1}}},"fnMap":{},"branchMap":{},"s":{"0":0},"f":{},"b":{}}
,"C:\\Users\\Valentin\\Desktop\\FitGive\\src\\assets\\jss\\material-dashboard-react\\components\\headerLinksStyle.js": {"path":"C:\\Users\\Valentin\\Desktop\\FitGive\\src\\assets\\jss\\material-dashboard-react\\components\\headerLinksStyle.js","statementMap":{"0":{"start":{"line":9,"column":25},"end":{"line":76,"column":2}},"1":{"start":{"line":9,"column":35},"end":{"line":76,"column":1}}},"fnMap":{"0":{"name":"(anonymous_0)","decl":{"start":{"line":9,"column":25},"end":{"line":9,"column":26}},"loc":{"start":{"line":9,"column":35},"end":{"line":76,"column":1}},"line":9}},"branchMap":{},"s":{"0":0,"1":0},"f":{"0":0},"b":{}}
,"C:\\Users\\Valentin\\Desktop\\FitGive\\src\\assets\\jss\\material-dashboard-react\\components\\headerStyle.js": {"path":"C:\\Users\\Valentin\\Desktop\\FitGive\\src\\assets\\jss\\material-dashboard-react\\components\\headerStyle.js","statementMap":{"0":{"start":{"line":14,"column":20},"end":{"line":80,"column":2}},"1":{"start":{"line":14,"column":27},"end":{"line":80,"column":1}}},"fnMap":{"0":{"name":"(anonymous_0)","decl":{"start":{"line":14,"column":20},"end":{"line":14,"column":21}},"loc":{"start":{"line":14,"column":27},"end":{"line":80,"column":1}},"line":14}},"branchMap":{},"s":{"0":0,"1":0},"f":{"0":0},"b":{}}
,"C:\\Users\\Valentin\\Desktop\\FitGive\\src\\assets\\jss\\material-dashboard-react\\components\\sidebarStyle.js": {"path":"C:\\Users\\Valentin\\Desktop\\FitGive\\src\\assets\\jss\\material-dashboard-react\\components\\sidebarStyle.js","statementMap":{"0":{"start":{"line":18,"column":21},"end":{"line":279,"column":2}},"1":{"start":{"line":18,"column":31},"end":{"line":279,"column":1}}},"fnMap":{"0":{"name":"(anonymous_0)","decl":{"start":{"line":18,"column":21},"end":{"line":18,"column":22}},"loc":{"start":{"line":18,"column":31},"end":{"line":279,"column":1}},"line":18}},"branchMap":{},"s":{"0":0,"1":0},"f":{"0":0},"b":{}}
,"C:\\Users\\Valentin\\Desktop\\FitGive\\src\\assets\\jss\\material-dashboard-react\\components\\snackbarContentStyle.js": {"path":"C:\\Users\\Valentin\\Desktop\\FitGive\\src\\assets\\jss\\material-dashboard-react\\components\\snackbarContentStyle.js","statementMap":{"0":{"start":{"line":21,"column":29},"end":{"line":125,"column":1}}},"fnMap":{},"branchMap":{},"s":{"0":2},"f":{},"b":{},"_coverageSchema":"1a1c01bbd47fc00a2c39e90264f33305004495a9","hash":"934335a57d015b4f9827aa1271c35e7b86b50efe"}
,"C:\\Users\\Valentin\\Desktop\\FitGive\\src\\assets\\jss\\material-dashboard-react\\components\\tableStyle.js": {"path":"C:\\Users\\Valentin\\Desktop\\FitGive\\src\\assets\\jss\\material-dashboard-react\\components\\tableStyle.js","statementMap":{"0":{"start":{"line":12,"column":19},"end":{"line":75,"column":2}},"1":{"start":{"line":12,"column":29},"end":{"line":75,"column":1}}},"fnMap":{"0":{"name":"(anonymous_0)","decl":{"start":{"line":12,"column":19},"end":{"line":12,"column":20}},"loc":{"start":{"line":12,"column":29},"end":{"line":75,"column":1}},"line":12}},"branchMap":{},"s":{"0":0,"1":0},"f":{"0":0},"b":{}}
,"C:\\Users\\Valentin\\Desktop\\FitGive\\src\\assets\\jss\\material-dashboard-react\\components\\tasksStyle.js": {"path":"C:\\Users\\Valentin\\Desktop\\FitGive\\src\\assets\\jss\\material-dashboard-react\\components\\tasksStyle.js","statementMap":{"0":{"start":{"line":9,"column":19},"end":{"line":53,"column":1}}},"fnMap":{},"branchMap":{},"s":{"0":0},"f":{},"b":{}}
,"C:\\Users\\Valentin\\Desktop\\FitGive\\src\\assets\\jss\\material-dashboard-react\\components\\typographyStyle.js": {"path":"C:\\Users\\Valentin\\Desktop\\FitGive\\src\\assets\\jss\\material-dashboard-react\\components\\typographyStyle.js","statementMap":{"0":{"start":{"line":11,"column":24},"end":{"line":54,"column":1}}},"fnMap":{},"branchMap":{},"s":{"0":0},"f":{},"b":{}}
,"C:\\Users\\Valentin\\Desktop\\FitGive\\src\\assets\\jss\\material-dashboard-react\\layouts\\adminStyle.js": {"path":"C:\\Users\\Valentin\\Desktop\\FitGive\\src\\assets\\jss\\material-dashboard-react\\layouts\\adminStyle.js","statementMap":{"0":{"start":{"line":7,"column":17},"end":{"line":34,"column":2}},"1":{"start":{"line":7,"column":27},"end":{"line":34,"column":1}}},"fnMap":{"0":{"name":"(anonymous_0)","decl":{"start":{"line":7,"column":17},"end":{"line":7,"column":18}},"loc":{"start":{"line":7,"column":27},"end":{"line":34,"column":1}},"line":7}},"branchMap":{},"s":{"0":0,"1":0},"f":{"0":0},"b":{}}
,"C:\\Users\\Valentin\\Desktop\\FitGive\\src\\assets\\jss\\material-dashboard-react\\layouts\\rtlStyle.js": {"path":"C:\\Users\\Valentin\\Desktop\\FitGive\\src\\assets\\jss\\material-dashboard-react\\layouts\\rtlStyle.js","statementMap":{"0":{"start":{"line":7,"column":17},"end":{"line":35,"column":2}},"1":{"start":{"line":7,"column":27},"end":{"line":35,"column":1}}},"fnMap":{"0":{"name":"(anonymous_0)","decl":{"start":{"line":7,"column":17},"end":{"line":7,"column":18}},"loc":{"start":{"line":7,"column":27},"end":{"line":35,"column":1}},"line":7}},"branchMap":{},"s":{"0":0,"1":0},"f":{"0":0},"b":{}}
,"C:\\Users\\Valentin\\Desktop\\FitGive\\src\\assets\\jss\\material-dashboard-react\\views\\dashboardStyle.js": {"path":"C:\\Users\\Valentin\\Desktop\\FitGive\\src\\assets\\jss\\material-dashboard-react\\views\\dashboardStyle.js","statementMap":{"0":{"start":{"line":8,"column":23},"end":{"line":80,"column":1}}},"fnMap":{},"branchMap":{},"s":{"0":4},"f":{},"b":{},"_coverageSchema":"1a1c01bbd47fc00a2c39e90264f33305004495a9","hash":"977021441f2e9c27799ca504f8a43763a1343f9a"}
,"C:\\Users\\Valentin\\Desktop\\FitGive\\src\\assets\\jss\\material-dashboard-react\\views\\iconsStyle.js": {"path":"C:\\Users\\Valentin\\Desktop\\FitGive\\src\\assets\\jss\\material-dashboard-react\\views\\iconsStyle.js","statementMap":{"0":{"start":{"line":8,"column":19},"end":{"line":44,"column":1}}},"fnMap":{},"branchMap":{},"s":{"0":0},"f":{},"b":{}}
,"C:\\Users\\Valentin\\Desktop\\FitGive\\src\\components\\Card\\Card.js": {"path":"C:\\Users\\Valentin\\Desktop\\FitGive\\src\\components\\Card\\Card.js","statementMap":{"0":{"start":{"line":13,"column":18},"end":{"line":13,"column":36}},"1":{"start":{"line":16,"column":18},"end":{"line":16,"column":29}},"2":{"start":{"line":17,"column":66},"end":{"line":17,"column":71}},"3":{"start":{"line":18,"column":22},"end":{"line":24,"column":4}},"4":{"start":{"line":25,"column":2},"end":{"line":29,"column":4}},"5":{"start":{"line":32,"column":0},"end":{"line":38,"column":2}}},"fnMap":{"0":{"name":"Card","decl":{"start":{"line":15,"column":24},"end":{"line":15,"column":28}},"loc":{"start":{"line":15,"column":36},"end":{"line":30,"column":1}},"line":15}},"branchMap":{},"s":{"0":6,"1":0,"2":0,"3":0,"4":0,"5":6},"f":{"0":0},"b":{},"_coverageSchema":"1a1c01bbd47fc00a2c39e90264f33305004495a9","hash":"fd9481a7d35fb7be59ec79372f087f65d9f17488"}
,"C:\\Users\\Valentin\\Desktop\\FitGive\\src\\components\\Card\\CardAvatar.js": {"path":"C:\\Users\\Valentin\\Desktop\\FitGive\\src\\components\\Card\\CardAvatar.js","statementMap":{"0":{"start":{"line":13,"column":18},"end":{"line":13,"column":36}},"1":{"start":{"line":16,"column":18},"end":{"line":16,"column":29}},"2":{"start":{"line":17,"column":59},"end":{"line":17,"column":64}},"3":{"start":{"line":18,"column":28},"end":{"line":23,"column":4}},"4":{"start":{"line":24,"column":2},"end":{"line":28,"column":4}},"5":{"start":{"line":31,"column":0},"end":{"line":36,"column":2}}},"fnMap":{"0":{"name":"CardAvatar","decl":{"start":{"line":15,"column":24},"end":{"line":15,"column":34}},"loc":{"start":{"line":15,"column":42},"end":{"line":29,"column":1}},"line":15}},"branchMap":{},"s":{"0":2,"1":0,"2":0,"3":0,"4":0,"5":2},"f":{"0":0},"b":{},"_coverageSchema":"1a1c01bbd47fc00a2c39e90264f33305004495a9","hash":"e61796b3f0e20923cdb590c69f5ccf9e379664d3"}
,"C:\\Users\\Valentin\\Desktop\\FitGive\\src\\components\\Card\\CardBody.js": {"path":"C:\\Users\\Valentin\\Desktop\\FitGive\\src\\components\\Card\\CardBody.js","statementMap":{"0":{"start":{"line":13,"column":18},"end":{"line":13,"column":36}},"1":{"start":{"line":16,"column":18},"end":{"line":16,"column":29}},"2":{"start":{"line":17,"column":59},"end":{"line":17,"column":64}},"3":{"start":{"line":18,"column":26},"end":{"line":23,"column":4}},"4":{"start":{"line":24,"column":2},"end":{"line":28,"column":4}},"5":{"start":{"line":31,"column":0},"end":{"line":36,"column":2}}},"fnMap":{"0":{"name":"CardBody","decl":{"start":{"line":15,"column":24},"end":{"line":15,"column":32}},"loc":{"start":{"line":15,"column":40},"end":{"line":29,"column":1}},"line":15}},"branchMap":{},"s":{"0":5,"1":0,"2":0,"3":0,"4":0,"5":5},"f":{"0":0},"b":{},"_coverageSchema":"1a1c01bbd47fc00a2c39e90264f33305004495a9","hash":"2ca5f330bae0078ca386351016139157d293ecdb"}
,"C:\\Users\\Valentin\\Desktop\\FitGive\\src\\components\\Card\\CardFooter.js": {"path":"C:\\Users\\Valentin\\Desktop\\FitGive\\src\\components\\Card\\CardFooter.js","statementMap":{"0":{"start":{"line":13,"column":18},"end":{"line":13,"column":36}},"1":{"start":{"line":16,"column":18},"end":{"line":16,"column":29}},"2":{"start":{"line":17,"column":73},"end":{"line":17,"column":78}},"3":{"start":{"line":18,"column":28},"end":{"line":25,"column":4}},"4":{"start":{"line":26,"column":2},"end":{"line":30,"column":4}},"5":{"start":{"line":33,"column":0},"end":{"line":40,"column":2}}},"fnMap":{"0":{"name":"CardFooter","decl":{"start":{"line":15,"column":24},"end":{"line":15,"column":34}},"loc":{"start":{"line":15,"column":42},"end":{"line":31,"column":1}},"line":15}},"branchMap":{},"s":{"0":3,"1":0,"2":0,"3":0,"4":0,"5":3},"f":{"0":0},"b":{},"_coverageSchema":"1a1c01bbd47fc00a2c39e90264f33305004495a9","hash":"16f27441ea71c3761df57ba13ada2688db6b6327"}
,"C:\\Users\\Valentin\\Desktop\\FitGive\\src\\components\\Card\\CardHeader.js": {"path":"C:\\Users\\Valentin\\Desktop\\FitGive\\src\\components\\Card\\CardHeader.js","statementMap":{"0":{"start":{"line":13,"column":18},"end":{"line":13,"column":36}},"1":{"start":{"line":16,"column":18},"end":{"line":16,"column":29}},"2":{"start":{"line":17,"column":70},"end":{"line":17,"column":75}},"3":{"start":{"line":18,"column":28},"end":{"line":25,"column":4}},"4":{"start":{"line":26,"column":2},"end":{"line":30,"column":4}},"5":{"start":{"line":33,"column":0},"end":{"line":47,"column":2}}},"fnMap":{"0":{"name":"CardHeader","decl":{"start":{"line":15,"column":24},"end":{"line":15,"column":34}},"loc":{"start":{"line":15,"column":42},"end":{"line":31,"column":1}},"line":15}},"branchMap":{},"s":{"0":5,"1":0,"2":0,"3":0,"4":0,"5":5},"f":{"0":0},"b":{},"_coverageSchema":"1a1c01bbd47fc00a2c39e90264f33305004495a9","hash":"743644ce210658a729538827d1d1e01debb3df4b"}
,"C:\\Users\\Valentin\\Desktop\\FitGive\\src\\components\\Card\\CardIcon.js": {"path":"C:\\Users\\Valentin\\Desktop\\FitGive\\src\\components\\Card\\CardIcon.js","statementMap":{"0":{"start":{"line":13,"column":18},"end":{"line":13,"column":36}},"1":{"start":{"line":16,"column":18},"end":{"line":16,"column":29}},"2":{"start":{"line":17,"column":50},"end":{"line":17,"column":55}},"3":{"start":{"line":18,"column":26},"end":{"line":22,"column":4}},"4":{"start":{"line":23,"column":2},"end":{"line":27,"column":4}},"5":{"start":{"line":30,"column":0},"end":{"line":41,"column":2}}},"fnMap":{"0":{"name":"CardIcon","decl":{"start":{"line":15,"column":24},"end":{"line":15,"column":32}},"loc":{"start":{"line":15,"column":40},"end":{"line":28,"column":1}},"line":15}},"branchMap":{},"s":{"0":2,"1":0,"2":0,"3":0,"4":0,"5":2},"f":{"0":0},"b":{},"_coverageSchema":"1a1c01bbd47fc00a2c39e90264f33305004495a9","hash":"48033771d6147493cc87b33b15aff4afb82bc118"}
,"C:\\Users\\Valentin\\Desktop\\FitGive\\src\\components\\Carousel\\CustomCarousel.js": {"path":"C:\\Users\\Valentin\\Desktop\\FitGive\\src\\components\\Carousel\\CustomCarousel.js","statementMap":{"0":{"start":{"line":7,"column":16},"end":{"line":20,"column":5}},"1":{"start":{"line":22,"column":4},"end":{"line":28,"column":5}},"2":{"start":{"line":25,"column":40},"end":{"line":25,"column":68}},"3":{"start":{"line":33,"column":4},"end":{"line":40,"column":5}}},"fnMap":{"0":{"name":"CustomCarousel","decl":{"start":{"line":5,"column":24},"end":{"line":5,"column":38}},"loc":{"start":{"line":6,"column":0},"end":{"line":29,"column":1}},"line":6},"1":{"name":"(anonymous_1)","decl":{"start":{"line":25,"column":27},"end":{"line":25,"column":28}},"loc":{"start":{"line":25,"column":40},"end":{"line":25,"column":68}},"line":25},"2":{"name":"Item","decl":{"start":{"line":31,"column":9},"end":{"line":31,"column":13}},"loc":{"start":{"line":32,"column":0},"end":{"line":41,"column":1}},"line":32}},"branchMap":{},"s":{"0":0,"1":0,"2":0,"3":0},"f":{"0":0,"1":0,"2":0},"b":{}}
,"C:\\Users\\Valentin\\Desktop\\FitGive\\src\\components\\CustomButtons\\Button.js": {"path":"C:\\Users\\Valentin\\Desktop\\FitGive\\src\\components\\CustomButtons\\Button.js","statementMap":{"0":{"start":{"line":13,"column":18},"end":{"line":13,"column":36}},"1":{"start":{"line":16,"column":18},"end":{"line":16,"column":29}},"2":{"start":{"line":30,"column":6},"end":{"line":30,"column":11}},"3":{"start":{"line":31,"column":21},"end":{"line":42,"column":4}},"4":{"start":{"line":43,"column":2},"end":{"line":47,"column":4}},"5":{"start":{"line":50,"column":0},"end":{"line":73,"column":2}}},"fnMap":{"0":{"name":"RegularButton","decl":{"start":{"line":15,"column":24},"end":{"line":15,"column":37}},"loc":{"start":{"line":15,"column":45},"end":{"line":48,"column":1}},"line":15}},"branchMap":{},"s":{"0":7,"1":0,"2":0,"3":0,"4":0,"5":7},"f":{"0":0},"b":{},"_coverageSchema":"1a1c01bbd47fc00a2c39e90264f33305004495a9","hash":"0a4c8accfb9ab61d716da68630ba567c5a5a5fbd"}
,"C:\\Users\\Valentin\\Desktop\\FitGive\\src\\components\\CustomCards\\ChallengeCard\\ChallengeCard.js": {"path":"C:\\Users\\Valentin\\Desktop\\FitGive\\src\\components\\CustomCards\\ChallengeCard\\ChallengeCard.js","statementMap":{"0":{"start":{"line":13,"column":18},"end":{"line":13,"column":36}},"1":{"start":{"line":16,"column":18},"end":{"line":16,"column":29}},"2":{"start":{"line":17,"column":2},"end":{"line":27,"column":4}}},"fnMap":{"0":{"name":"ChallengeCard","decl":{"start":{"line":15,"column":24},"end":{"line":15,"column":37}},"loc":{"start":{"line":15,"column":45},"end":{"line":28,"column":1}},"line":15}},"branchMap":{},"s":{"0":0,"1":0,"2":0},"f":{"0":0},"b":{}}
,"C:\\Users\\Valentin\\Desktop\\FitGive\\src\\components\\CustomCards\\ChartCard\\ChartCard.js": {"path":"C:\\Users\\Valentin\\Desktop\\FitGive\\src\\components\\CustomCards\\ChartCard\\ChartCard.js","statementMap":{"0":{"start":{"line":21,"column":18},"end":{"line":21,"column":36}},"1":{"start":{"line":24,"column":18},"end":{"line":24,"column":29}},"2":{"start":{"line":25,"column":2},"end":{"line":49,"column":4}},"3":{"start":{"line":52,"column":0},"end":{"line":63,"column":1}}},"fnMap":{"0":{"name":"ChartCard","decl":{"start":{"line":23,"column":24},"end":{"line":23,"column":33}},"loc":{"start":{"line":23,"column":41},"end":{"line":50,"column":1}},"line":23}},"branchMap":{},"s":{"0":2,"1":12,"2":12,"3":2},"f":{"0":12},"b":{},"_coverageSchema":"1a1c01bbd47fc00a2c39e90264f33305004495a9","hash":"5c5374fd0bd90145f8f95df474994332c5daccc7"}
,"C:\\Users\\Valentin\\Desktop\\FitGive\\src\\components\\CustomCards\\ProfileCard\\ProfileCard.js": {"path":"C:\\Users\\Valentin\\Desktop\\FitGive\\src\\components\\CustomCards\\ProfileCard\\ProfileCard.js","statementMap":{"0":{"start":{"line":16,"column":18},"end":{"line":16,"column":36}},"1":{"start":{"line":19,"column":18},"end":{"line":19,"column":29}},"2":{"start":{"line":20,"column":2},"end":{"line":39,"column":4}}},"fnMap":{"0":{"name":"ProfileCard","decl":{"start":{"line":18,"column":24},"end":{"line":18,"column":35}},"loc":{"start":{"line":18,"column":43},"end":{"line":40,"column":1}},"line":18}},"branchMap":{},"s":{"0":2,"1":6,"2":6},"f":{"0":6},"b":{},"_coverageSchema":"1a1c01bbd47fc00a2c39e90264f33305004495a9","hash":"d87aad8303300f7a636071c76d7d73bf1470f764"}
,"C:\\Users\\Valentin\\Desktop\\FitGive\\src\\components\\CustomCards\\StatCard\\StatCard.js": {"path":"C:\\Users\\Valentin\\Desktop\\FitGive\\src\\components\\CustomCards\\StatCard\\StatCard.js","statementMap":{"0":{"start":{"line":14,"column":18},"end":{"line":14,"column":36}},"1":{"start":{"line":17,"column":18},"end":{"line":17,"column":29}},"2":{"start":{"line":18,"column":2},"end":{"line":40,"column":4}},"3":{"start":{"line":33,"column":70},"end":{"line":33,"column":88}}},"fnMap":{"0":{"name":"StatCard","decl":{"start":{"line":16,"column":24},"end":{"line":16,"column":32}},"loc":{"start":{"line":16,"column":40},"end":{"line":41,"column":1}},"line":16},"1":{"name":"(anonymous_1)","decl":{"start":{"line":33,"column":65},"end":{"line":33,"column":66}},"loc":{"start":{"line":33,"column":70},"end":{"line":33,"column":88}},"line":33}},"branchMap":{},"s":{"0":2,"1":14,"2":14,"3":0},"f":{"0":14,"1":0},"b":{},"_coverageSchema":"1a1c01bbd47fc00a2c39e90264f33305004495a9","hash":"59556c0bf388ac1f918654e38adbacc92358a7b2"}
,"C:\\Users\\Valentin\\Desktop\\FitGive\\src\\components\\CustomInput\\CustomInput.js": {"path":"C:\\Users\\Valentin\\Desktop\\FitGive\\src\\components\\CustomInput\\CustomInput.js","statementMap":{"0":{"start":{"line":15,"column":18},"end":{"line":15,"column":36}},"1":{"start":{"line":18,"column":18},"end":{"line":18,"column":29}},"2":{"start":{"line":27,"column":6},"end":{"line":27,"column":11}},"3":{"start":{"line":29,"column":23},"end":{"line":32,"column":4}},"4":{"start":{"line":33,"column":27},"end":{"line":37,"column":4}},"5":{"start":{"line":38,"column":20},"end":{"line":40,"column":4}},"6":{"start":{"line":41,"column":2},"end":{"line":70,"column":4}},"7":{"start":{"line":73,"column":0},"end":{"line":81,"column":2}}},"fnMap":{"0":{"name":"CustomInput","decl":{"start":{"line":17,"column":24},"end":{"line":17,"column":35}},"loc":{"start":{"line":17,"column":43},"end":{"line":71,"column":1}},"line":17}},"branchMap":{"0":{"loc":{"start":{"line":31,"column":38},"end":{"line":31,"column":55}},"type":"binary-expr","locations":[{"start":{"line":31,"column":38},"end":{"line":31,"column":45}},{"start":{"line":31,"column":49},"end":{"line":31,"column":55}}],"line":31},"1":{"loc":{"start":{"line":35,"column":32},"end":{"line":35,"column":49}},"type":"binary-expr","locations":[{"start":{"line":35,"column":32},"end":{"line":35,"column":39}},{"start":{"line":35,"column":43},"end":{"line":35,"column":49}}],"line":35},"2":{"loc":{"start":{"line":46,"column":7},"end":{"line":54,"column":14}},"type":"cond-expr","locations":[{"start":{"line":47,"column":8},"end":{"line":53,"column":21}},{"start":{"line":54,"column":10},"end":{"line":54,"column":14}}],"line":46},"3":{"loc":{"start":{"line":64,"column":7},"end":{"line":68,"column":14}},"type":"cond-expr","locations":[{"start":{"line":65,"column":8},"end":{"line":65,"column":77}},{"start":{"line":66,"column":10},"end":{"line":68,"column":14}}],"line":64},"4":{"loc":{"start":{"line":66,"column":10},"end":{"line":68,"column":14}},"type":"cond-expr","locations":[{"start":{"line":67,"column":8},"end":{"line":67,"column":79}},{"start":{"line":68,"column":10},"end":{"line":68,"column":14}}],"line":66}},"s":{"0":0,"1":0,"2":0,"3":0,"4":0,"5":0,"6":0,"7":0},"f":{"0":0},"b":{"0":[0,0],"1":[0,0],"2":[0,0],"3":[0,0],"4":[0,0]}}
,"C:\\Users\\Valentin\\Desktop\\FitGive\\src\\components\\CustomTabs\\CustomTabs.js": {"path":"C:\\Users\\Valentin\\Desktop\\FitGive\\src\\components\\CustomTabs\\CustomTabs.js","statementMap":{"0":{"start":{"line":18,"column":18},"end":{"line":18,"column":36}},"1":{"start":{"line":21,"column":28},"end":{"line":21,"column":45}},"2":{"start":{"line":22,"column":23},"end":{"line":24,"column":3}},"3":{"start":{"line":23,"column":4},"end":{"line":23,"column":20}},"4":{"start":{"line":25,"column":18},"end":{"line":25,"column":29}},"5":{"start":{"line":26,"column":50},"end":{"line":26,"column":55}},"6":{"start":{"line":27,"column":20},"end":{"line":29,"column":4}},"7":{"start":{"line":30,"column":2},"end":{"line":76,"column":4}},"8":{"start":{"line":46,"column":23},"end":{"line":46,"column":25}},"9":{"start":{"line":47,"column":12},"end":{"line":51,"column":13}},"10":{"start":{"line":48,"column":14},"end":{"line":50,"column":16}},"11":{"start":{"line":52,"column":12},"end":{"line":63,"column":14}},"12":{"start":{"line":69,"column":10},"end":{"line":71,"column":11}},"13":{"start":{"line":70,"column":12},"end":{"line":70,"column":58}},"14":{"start":{"line":72,"column":10},"end":{"line":72,"column":22}},"15":{"start":{"line":79,"column":0},"end":{"line":97,"column":2}}},"fnMap":{"0":{"name":"CustomTabs","decl":{"start":{"line":20,"column":24},"end":{"line":20,"column":34}},"loc":{"start":{"line":20,"column":42},"end":{"line":77,"column":1}},"line":20},"1":{"name":"(anonymous_1)","decl":{"start":{"line":22,"column":23},"end":{"line":22,"column":24}},"loc":{"start":{"line":22,"column":41},"end":{"line":24,"column":3}},"line":22},"2":{"name":"(anonymous_2)","decl":{"start":{"line":45,"column":20},"end":{"line":45,"column":21}},"loc":{"start":{"line":45,"column":35},"end":{"line":64,"column":11}},"line":45},"3":{"name":"(anonymous_3)","decl":{"start":{"line":68,"column":18},"end":{"line":68,"column":19}},"loc":{"start":{"line":68,"column":33},"end":{"line":73,"column":9}},"line":68}},"branchMap":{"0":{"loc":{"start":{"line":33,"column":9},"end":{"line":33,"column":78}},"type":"cond-expr","locations":[{"start":{"line":33,"column":31},"end":{"line":33,"column":71}},{"start":{"line":33,"column":74},"end":{"line":33,"column":78}}],"line":33},"1":{"loc":{"start":{"line":47,"column":12},"end":{"line":51,"column":13}},"type":"if","locations":[{"start":{"line":47,"column":12},"end":{"line":51,"column":13}},{"start":{"line":47,"column":12},"end":{"line":51,"column":13}}],"line":47},"2":{"loc":{"start":{"line":69,"column":10},"end":{"line":71,"column":11}},"type":"if","locations":[{"start":{"line":69,"column":10},"end":{"line":71,"column":11}},{"start":{"line":69,"column":10},"end":{"line":71,"column":11}}],"line":69}},"s":{"0":0,"1":0,"2":0,"3":0,"4":0,"5":0,"6":0,"7":0,"8":0,"9":0,"10":0,"11":0,"12":0,"13":0,"14":0,"15":0},"f":{"0":0,"1":0,"2":0,"3":0},"b":{"0":[0,0],"1":[0,0],"2":[0,0]}}
,"C:\\Users\\Valentin\\Desktop\\FitGive\\src\\components\\FixedPlugin\\FixedPlugin.js": {"path":"C:\\Users\\Valentin\\Desktop\\FitGive\\src\\components\\FixedPlugin\\FixedPlugin.js","statementMap":{"0":{"start":{"line":11,"column":22},"end":{"line":13,"column":3}},"1":{"start":{"line":12,"column":4},"end":{"line":12,"column":29}},"2":{"start":{"line":14,"column":2},"end":{"line":86,"column":4}},"3":{"start":{"line":33,"column":20},"end":{"line":33,"column":53}},"4":{"start":{"line":44,"column":20},"end":{"line":44,"column":51}},"5":{"start":{"line":55,"column":20},"end":{"line":55,"column":52}},"6":{"start":{"line":66,"column":20},"end":{"line":66,"column":50}},"7":{"start":{"line":77,"column":20},"end":{"line":77,"column":53}},"8":{"start":{"line":89,"column":0},"end":{"line":94,"column":2}}},"fnMap":{"0":{"name":"FixedPlugin","decl":{"start":{"line":10,"column":24},"end":{"line":10,"column":35}},"loc":{"start":{"line":10,"column":43},"end":{"line":87,"column":1}},"line":10},"1":{"name":"(anonymous_1)","decl":{"start":{"line":11,"column":22},"end":{"line":11,"column":23}},"loc":{"start":{"line":11,"column":28},"end":{"line":13,"column":3}},"line":11},"2":{"name":"(anonymous_2)","decl":{"start":{"line":32,"column":27},"end":{"line":32,"column":28}},"loc":{"start":{"line":32,"column":33},"end":{"line":34,"column":19}},"line":32},"3":{"name":"(anonymous_3)","decl":{"start":{"line":43,"column":27},"end":{"line":43,"column":28}},"loc":{"start":{"line":43,"column":33},"end":{"line":45,"column":19}},"line":43},"4":{"name":"(anonymous_4)","decl":{"start":{"line":54,"column":27},"end":{"line":54,"column":28}},"loc":{"start":{"line":54,"column":33},"end":{"line":56,"column":19}},"line":54},"5":{"name":"(anonymous_5)","decl":{"start":{"line":65,"column":27},"end":{"line":65,"column":28}},"loc":{"start":{"line":65,"column":33},"end":{"line":67,"column":19}},"line":65},"6":{"name":"(anonymous_6)","decl":{"start":{"line":76,"column":27},"end":{"line":76,"column":28}},"loc":{"start":{"line":76,"column":33},"end":{"line":78,"column":19}},"line":76}},"branchMap":{"0":{"loc":{"start":{"line":27,"column":20},"end":{"line":29,"column":51}},"type":"cond-expr","locations":[{"start":{"line":28,"column":24},"end":{"line":28,"column":58}},{"start":{"line":29,"column":24},"end":{"line":29,"column":51}}],"line":27},"1":{"loc":{"start":{"line":38,"column":20},"end":{"line":40,"column":49}},"type":"cond-expr","locations":[{"start":{"line":39,"column":24},"end":{"line":39,"column":56}},{"start":{"line":40,"column":24},"end":{"line":40,"column":49}}],"line":38},"2":{"loc":{"start":{"line":49,"column":20},"end":{"line":51,"column":50}},"type":"cond-expr","locations":[{"start":{"line":50,"column":24},"end":{"line":50,"column":57}},{"start":{"line":51,"column":24},"end":{"line":51,"column":50}}],"line":49},"3":{"loc":{"start":{"line":60,"column":20},"end":{"line":62,"column":48}},"type":"cond-expr","locations":[{"start":{"line":61,"column":24},"end":{"line":61,"column":55}},{"start":{"line":62,"column":24},"end":{"line":62,"column":48}}],"line":60},"4":{"loc":{"start":{"line":71,"column":20},"end":{"line":73,"column":51}},"type":"cond-expr","locations":[{"start":{"line":72,"column":24},"end":{"line":72,"column":58}},{"start":{"line":73,"column":24},"end":{"line":73,"column":51}}],"line":71}},"s":{"0":0,"1":0,"2":0,"3":0,"4":0,"5":0,"6":0,"7":0,"8":0},"f":{"0":0,"1":0,"2":0,"3":0,"4":0,"5":0,"6":0},"b":{"0":[0,0],"1":[0,0],"2":[0,0],"3":[0,0],"4":[0,0]}}
,"C:\\Users\\Valentin\\Desktop\\FitGive\\src\\components\\Footer\\Footer.js": {"path":"C:\\Users\\Valentin\\Desktop\\FitGive\\src\\components\\Footer\\Footer.js","statementMap":{"0":{"start":{"line":11,"column":18},"end":{"line":11,"column":36}},"1":{"start":{"line":14,"column":18},"end":{"line":14,"column":29}},"2":{"start":{"line":15,"column":2},"end":{"line":26,"column":4}}},"fnMap":{"0":{"name":"Footer","decl":{"start":{"line":13,"column":24},"end":{"line":13,"column":30}},"loc":{"start":{"line":13,"column":38},"end":{"line":27,"column":1}},"line":13}},"branchMap":{},"s":{"0":0,"1":0,"2":0},"f":{"0":0},"b":{}}
,"C:\\Users\\Valentin\\Desktop\\FitGive\\src\\components\\FriendsCards\\CardFriends.js": {"path":"C:\\Users\\Valentin\\Desktop\\FitGive\\src\\components\\FriendsCards\\CardFriends.js","statementMap":{"0":{"start":{"line":19,"column":15},"end":{"line":60,"column":1}},"1":{"start":{"line":62,"column":18},"end":{"line":62,"column":36}},"2":{"start":{"line":66,"column":18},"end":{"line":66,"column":29}},"3":{"start":{"line":68,"column":2},"end":{"line":92,"column":4}},"4":{"start":{"line":95,"column":0},"end":{"line":102,"column":1}}},"fnMap":{"0":{"name":"CardFriends","decl":{"start":{"line":64,"column":24},"end":{"line":64,"column":35}},"loc":{"start":{"line":64,"column":43},"end":{"line":93,"column":1}},"line":64}},"branchMap":{},"s":{"0":2,"1":2,"2":16,"3":16,"4":2},"f":{"0":16},"b":{},"_coverageSchema":"1a1c01bbd47fc00a2c39e90264f33305004495a9","hash":"d7d4ac70f9ac290f5c9edd2c77a16c0dd68ab1dc"}
,"C:\\Users\\Valentin\\Desktop\\FitGive\\src\\components\\Grid\\GridContainer.js": {"path":"C:\\Users\\Valentin\\Desktop\\FitGive\\src\\components\\Grid\\GridContainer.js","statementMap":{"0":{"start":{"line":8,"column":15},"end":{"line":13,"column":1}},"1":{"start":{"line":15,"column":18},"end":{"line":15,"column":36}},"2":{"start":{"line":18,"column":18},"end":{"line":18,"column":29}},"3":{"start":{"line":19,"column":32},"end":{"line":19,"column":37}},"4":{"start":{"line":20,"column":2},"end":{"line":24,"column":4}},"5":{"start":{"line":27,"column":0},"end":{"line":29,"column":2}}},"fnMap":{"0":{"name":"GridContainer","decl":{"start":{"line":17,"column":24},"end":{"line":17,"column":37}},"loc":{"start":{"line":17,"column":45},"end":{"line":25,"column":1}},"line":17}},"branchMap":{},"s":{"0":2,"1":2,"2":0,"3":0,"4":0,"5":2},"f":{"0":0},"b":{},"_coverageSchema":"1a1c01bbd47fc00a2c39e90264f33305004495a9","hash":"7be5b3aaeac8fad6df9472bfeccac8d564d59f24"}
,"C:\\Users\\Valentin\\Desktop\\FitGive\\src\\components\\Grid\\GridItem.js": {"path":"C:\\Users\\Valentin\\Desktop\\FitGive\\src\\components\\Grid\\GridItem.js","statementMap":{"0":{"start":{"line":8,"column":15},"end":{"line":12,"column":1}},"1":{"start":{"line":14,"column":18},"end":{"line":14,"column":36}},"2":{"start":{"line":17,"column":18},"end":{"line":17,"column":29}},"3":{"start":{"line":18,"column":32},"end":{"line":18,"column":37}},"4":{"start":{"line":19,"column":2},"end":{"line":23,"column":4}},"5":{"start":{"line":26,"column":0},"end":{"line":28,"column":2}}},"fnMap":{"0":{"name":"GridItem","decl":{"start":{"line":16,"column":24},"end":{"line":16,"column":32}},"loc":{"start":{"line":16,"column":40},"end":{"line":24,"column":1}},"line":16}},"branchMap":{},"s":{"0":2,"1":2,"2":0,"3":0,"4":0,"5":2},"f":{"0":0},"b":{},"_coverageSchema":"1a1c01bbd47fc00a2c39e90264f33305004495a9","hash":"142266d92898d7cfe77e6c45faaa761fdb52ede3"}
,"C:\\Users\\Valentin\\Desktop\\FitGive\\src\\components\\Lists\\ChallengeList.js": {"path":"C:\\Users\\Valentin\\Desktop\\FitGive\\src\\components\\Lists\\ChallengeList.js","statementMap":{"0":{"start":{"line":8,"column":18},"end":{"line":16,"column":3}},"1":{"start":{"line":8,"column":41},"end":{"line":16,"column":1}},"2":{"start":{"line":21,"column":18},"end":{"line":21,"column":29}},"3":{"start":{"line":23,"column":15},"end":{"line":23,"column":25}},"4":{"start":{"line":25,"column":2},"end":{"line":41,"column":4}},"5":{"start":{"line":28,"column":8},"end":{"line":37,"column":14}}},"fnMap":{"0":{"name":"(anonymous_0)","decl":{"start":{"line":8,"column":29},"end":{"line":8,"column":30}},"loc":{"start":{"line":8,"column":41},"end":{"line":16,"column":1}},"line":8},"1":{"name":"AlignItemsList","decl":{"start":{"line":20,"column":24},"end":{"line":20,"column":38}},"loc":{"start":{"line":20,"column":46},"end":{"line":42,"column":1}},"line":20},"2":{"name":"(anonymous_2)","decl":{"start":{"line":27,"column":18},"end":{"line":27,"column":19}},"loc":{"start":{"line":28,"column":8},"end":{"line":37,"column":14}},"line":28}},"branchMap":{},"s":{"0":0,"1":0,"2":0,"3":0,"4":0,"5":0},"f":{"0":0,"1":0,"2":0},"b":{}}
,"C:\\Users\\Valentin\\Desktop\\FitGive\\src\\components\\Lists\\ListFriendsList.js": {"path":"C:\\Users\\Valentin\\Desktop\\FitGive\\src\\components\\Lists\\ListFriendsList.js","statementMap":{"0":{"start":{"line":15,"column":18},"end":{"line":27,"column":3}},"1":{"start":{"line":15,"column":41},"end":{"line":27,"column":1}},"2":{"start":{"line":32,"column":18},"end":{"line":32,"column":29}},"3":{"start":{"line":34,"column":15},"end":{"line":34,"column":25}},"4":{"start":{"line":36,"column":2},"end":{"line":60,"column":4}},"5":{"start":{"line":39,"column":8},"end":{"line":56,"column":14}}},"fnMap":{"0":{"name":"(anonymous_0)","decl":{"start":{"line":15,"column":29},"end":{"line":15,"column":30}},"loc":{"start":{"line":15,"column":41},"end":{"line":27,"column":1}},"line":15},"1":{"name":"AlignItemsList","decl":{"start":{"line":31,"column":24},"end":{"line":31,"column":38}},"loc":{"start":{"line":31,"column":46},"end":{"line":61,"column":1}},"line":31},"2":{"name":"(anonymous_2)","decl":{"start":{"line":38,"column":18},"end":{"line":38,"column":19}},"loc":{"start":{"line":39,"column":8},"end":{"line":56,"column":14}},"line":39}},"branchMap":{},"s":{"0":1,"1":0,"2":0,"3":0,"4":0,"5":0},"f":{"0":0,"1":0,"2":0},"b":{},"_coverageSchema":"1a1c01bbd47fc00a2c39e90264f33305004495a9","hash":"9ca4ef50cf2a6df1ef874a4b7dc213e97a2285f2"}
,"C:\\Users\\Valentin\\Desktop\\FitGive\\src\\components\\Navbars\\AdminNavbarLinks.js": {"path":"C:\\Users\\Valentin\\Desktop\\FitGive\\src\\components\\Navbars\\AdminNavbarLinks.js","statementMap":{"0":{"start":{"line":24,"column":18},"end":{"line":24,"column":36}},"1":{"start":{"line":27,"column":18},"end":{"line":27,"column":29}},"2":{"start":{"line":28,"column":21},"end":{"line":28,"column":30}},"3":{"start":{"line":29,"column":28},"end":{"line":29,"column":40}},"4":{"start":{"line":30,"column":32},"end":{"line":30,"column":47}},"5":{"start":{"line":31,"column":50},"end":{"line":31,"column":70}},"6":{"start":{"line":32,"column":40},"end":{"line":32,"column":60}},"7":{"start":{"line":33,"column":18},"end":{"line":33,"column":30}},"8":{"start":{"line":34,"column":34},"end":{"line":40,"column":3}},"9":{"start":{"line":35,"column":4},"end":{"line":39,"column":5}},"10":{"start":{"line":36,"column":6},"end":{"line":36,"column":32}},"11":{"start":{"line":38,"column":6},"end":{"line":38,"column":47}},"12":{"start":{"line":41,"column":34},"end":{"line":43,"column":3}},"13":{"start":{"line":42,"column":4},"end":{"line":42,"column":30}},"14":{"start":{"line":44,"column":29},"end":{"line":50,"column":3}},"15":{"start":{"line":45,"column":4},"end":{"line":49,"column":5}},"16":{"start":{"line":46,"column":6},"end":{"line":46,"column":27}},"17":{"start":{"line":48,"column":6},"end":{"line":48,"column":42}},"18":{"start":{"line":53,"column":4},"end":{"line":53,"column":22}},"19":{"start":{"line":54,"column":6},"end":{"line":64,"column":7}},"20":{"start":{"line":55,"column":8},"end":{"line":55,"column":20}},"21":{"start":{"line":56,"column":8},"end":{"line":56,"column":24}},"22":{"start":{"line":57,"column":8},"end":{"line":57,"column":22}},"23":{"start":{"line":58,"column":8},"end":{"line":58,"column":25}},"24":{"start":{"line":59,"column":8},"end":{"line":59,"column":28}},"25":{"start":{"line":60,"column":8},"end":{"line":60,"column":25}},"26":{"start":{"line":62,"column":8},"end":{"line":62,"column":47}},"27":{"start":{"line":63,"column":8},"end":{"line":63,"column":25}},"28":{"start":{"line":67,"column":29},"end":{"line":69,"column":3}},"29":{"start":{"line":68,"column":4},"end":{"line":68,"column":25}},"30":{"start":{"line":71,"column":2},"end":{"line":193,"column":4}},"31":{"start":{"line":104,"column":12},"end":{"line":124,"column":19}},"32":{"start":{"line":155,"column":12},"end":{"line":188,"column":19}}},"fnMap":{"0":{"name":"AdminNavbarLinks","decl":{"start":{"line":26,"column":24},"end":{"line":26,"column":40}},"loc":{"start":{"line":26,"column":43},"end":{"line":194,"column":1}},"line":26},"1":{"name":"(anonymous_1)","decl":{"start":{"line":34,"column":34},"end":{"line":34,"column":35}},"loc":{"start":{"line":34,"column":43},"end":{"line":40,"column":3}},"line":34},"2":{"name":"(anonymous_2)","decl":{"start":{"line":41,"column":34},"end":{"line":41,"column":35}},"loc":{"start":{"line":41,"column":40},"end":{"line":43,"column":3}},"line":41},"3":{"name":"(anonymous_3)","decl":{"start":{"line":44,"column":29},"end":{"line":44,"column":30}},"loc":{"start":{"line":44,"column":38},"end":{"line":50,"column":3}},"line":44},"4":{"name":"handleLogout","decl":{"start":{"line":52,"column":17},"end":{"line":52,"column":29}},"loc":{"start":{"line":52,"column":33},"end":{"line":65,"column":3}},"line":52},"5":{"name":"(anonymous_5)","decl":{"start":{"line":67,"column":29},"end":{"line":67,"column":30}},"loc":{"start":{"line":67,"column":41},"end":{"line":69,"column":3}},"line":67},"6":{"name":"(anonymous_6)","decl":{"start":{"line":103,"column":11},"end":{"line":103,"column":12}},"loc":{"start":{"line":104,"column":12},"end":{"line":124,"column":19}},"line":104},"7":{"name":"(anonymous_7)","decl":{"start":{"line":154,"column":11},"end":{"line":154,"column":12}},"loc":{"start":{"line":155,"column":12},"end":{"line":188,"column":19}},"line":155}},"branchMap":{"0":{"loc":{"start":{"line":35,"column":4},"end":{"line":39,"column":5}},"type":"if","locations":[{"start":{"line":35,"column":4},"end":{"line":39,"column":5}},{"start":{"line":35,"column":4},"end":{"line":39,"column":5}}],"line":35},"1":{"loc":{"start":{"line":35,"column":8},"end":{"line":35,"column":67}},"type":"binary-expr","locations":[{"start":{"line":35,"column":8},"end":{"line":35,"column":24}},{"start":{"line":35,"column":28},"end":{"line":35,"column":67}}],"line":35},"2":{"loc":{"start":{"line":45,"column":4},"end":{"line":49,"column":5}},"type":"if","locations":[{"start":{"line":45,"column":4},"end":{"line":49,"column":5}},{"start":{"line":45,"column":4},"end":{"line":49,"column":5}}],"line":45},"3":{"loc":{"start":{"line":45,"column":8},"end":{"line":45,"column":57}},"type":"binary-expr","locations":[{"start":{"line":45,"column":8},"end":{"line":45,"column":19}},{"start":{"line":45,"column":23},"end":{"line":45,"column":57}}],"line":45},"4":{"loc":{"start":{"line":73,"column":7},"end":{"line":73,"column":55}},"type":"binary-expr","locations":[{"start":{"line":73,"column":7},"end":{"line":73,"column":12}},{"start":{"line":73,"column":16},"end":{"line":73,"column":55}}],"line":73},"5":{"loc":{"start":{"line":76,"column":17},"end":{"line":76,"column":66}},"type":"cond-expr","locations":[{"start":{"line":76,"column":43},"end":{"line":76,"column":56}},{"start":{"line":76,"column":59},"end":{"line":76,"column":66}}],"line":76},"6":{"loc":{"start":{"line":79,"column":21},"end":{"line":79,"column":76}},"type":"cond-expr","locations":[{"start":{"line":79,"column":40},"end":{"line":79,"column":69}},{"start":{"line":79,"column":72},"end":{"line":79,"column":76}}],"line":79},"7":{"loc":{"start":{"line":109,"column":18},"end":{"line":109,"column":73}},"type":"cond-expr","locations":[{"start":{"line":109,"column":43},"end":{"line":109,"column":55}},{"start":{"line":109,"column":58},"end":{"line":109,"column":73}}],"line":109},"8":{"loc":{"start":{"line":130,"column":17},"end":{"line":130,"column":66}},"type":"cond-expr","locations":[{"start":{"line":130,"column":43},"end":{"line":130,"column":56}},{"start":{"line":130,"column":59},"end":{"line":130,"column":66}}],"line":130},"9":{"loc":{"start":{"line":133,"column":21},"end":{"line":133,"column":66}},"type":"cond-expr","locations":[{"start":{"line":133,"column":35},"end":{"line":133,"column":59}},{"start":{"line":133,"column":62},"end":{"line":133,"column":66}}],"line":133},"10":{"loc":{"start":{"line":160,"column":18},"end":{"line":160,"column":73}},"type":"cond-expr","locations":[{"start":{"line":160,"column":43},"end":{"line":160,"column":55}},{"start":{"line":160,"column":58},"end":{"line":160,"column":73}}],"line":160}},"s":{"0":0,"1":0,"2":0,"3":0,"4":0,"5":0,"6":0,"7":0,"8":0,"9":0,"10":0,"11":0,"12":0,"13":0,"14":0,"15":0,"16":0,"17":0,"18":0,"19":0,"20":0,"21":0,"22":0,"23":0,"24":0,"25":0,"26":0,"27":0,"28":0,"29":0,"30":0,"31":0,"32":0},"f":{"0":0,"1":0,"2":0,"3":0,"4":0,"5":0,"6":0,"7":0},"b":{"0":[0,0],"1":[0,0],"2":[0,0],"3":[0,0],"4":[0,0],"5":[0,0],"6":[0,0],"7":[0,0],"8":[0,0],"9":[0,0],"10":[0,0]}}
,"C:\\Users\\Valentin\\Desktop\\FitGive\\src\\components\\Navbars\\Navbar.js": {"path":"C:\\Users\\Valentin\\Desktop\\FitGive\\src\\components\\Navbars\\Navbar.js","statementMap":{"0":{"start":{"line":18,"column":18},"end":{"line":18,"column":36}},"1":{"start":{"line":21,"column":18},"end":{"line":21,"column":29}},"2":{"start":{"line":24,"column":4},"end":{"line":29,"column":7}},"3":{"start":{"line":25,"column":6},"end":{"line":27,"column":7}},"4":{"start":{"line":26,"column":8},"end":{"line":26,"column":25}},"5":{"start":{"line":28,"column":6},"end":{"line":28,"column":18}},"6":{"start":{"line":30,"column":4},"end":{"line":30,"column":16}},"7":{"start":{"line":32,"column":20},"end":{"line":32,"column":25}},"8":{"start":{"line":33,"column":24},"end":{"line":35,"column":4}},"9":{"start":{"line":36,"column":2},"end":{"line":59,"column":4}},"10":{"start":{"line":62,"column":0},"end":{"line":66,"column":2}}},"fnMap":{"0":{"name":"Header","decl":{"start":{"line":20,"column":24},"end":{"line":20,"column":30}},"loc":{"start":{"line":20,"column":38},"end":{"line":60,"column":1}},"line":20},"1":{"name":"makeBrand","decl":{"start":{"line":22,"column":11},"end":{"line":22,"column":20}},"loc":{"start":{"line":22,"column":23},"end":{"line":31,"column":3}},"line":22},"2":{"name":"(anonymous_2)","decl":{"start":{"line":24,"column":21},"end":{"line":24,"column":22}},"loc":{"start":{"line":24,"column":29},"end":{"line":29,"column":5}},"line":24}},"branchMap":{"0":{"loc":{"start":{"line":25,"column":6},"end":{"line":27,"column":7}},"type":"if","locations":[{"start":{"line":25,"column":6},"end":{"line":27,"column":7}},{"start":{"line":25,"column":6},"end":{"line":27,"column":7}}],"line":25}},"s":{"0":0,"1":0,"2":0,"3":0,"4":0,"5":0,"6":0,"7":0,"8":0,"9":0,"10":0},"f":{"0":0,"1":0,"2":0},"b":{"0":[0,0]}}
,"C:\\Users\\Valentin\\Desktop\\FitGive\\src\\components\\ProfileAvatar\\ProfileAvatar.js": {"path":"C:\\Users\\Valentin\\Desktop\\FitGive\\src\\components\\ProfileAvatar\\ProfileAvatar.js","statementMap":{"0":{"start":{"line":8,"column":18},"end":{"line":13,"column":5}},"1":{"start":{"line":8,"column":41},"end":{"line":13,"column":3}},"2":{"start":{"line":16,"column":18},"end":{"line":16,"column":29}},"3":{"start":{"line":17,"column":2},"end":{"line":21,"column":4}}},"fnMap":{"0":{"name":"(anonymous_0)","decl":{"start":{"line":8,"column":29},"end":{"line":8,"column":30}},"loc":{"start":{"line":8,"column":41},"end":{"line":13,"column":3}},"line":8},"1":{"name":"ProfileAvatar","decl":{"start":{"line":15,"column":24},"end":{"line":15,"column":37}},"loc":{"start":{"line":15,"column":45},"end":{"line":22,"column":1}},"line":15}},"branchMap":{},"s":{"0":2,"1":0,"2":0,"3":0},"f":{"0":0,"1":0},"b":{},"_coverageSchema":"1a1c01bbd47fc00a2c39e90264f33305004495a9","hash":"e295bbbc527d61c728ee6a3d8d582bcb33d44051"}
,"C:\\Users\\Valentin\\Desktop\\FitGive\\src\\components\\Sidebar\\Sidebar.js": {"path":"C:\\Users\\Valentin\\Desktop\\FitGive\\src\\components\\Sidebar\\Sidebar.js","statementMap":{"0":{"start":{"line":19,"column":18},"end":{"line":19,"column":36}},"1":{"start":{"line":22,"column":18},"end":{"line":22,"column":29}},"2":{"start":{"line":25,"column":4},"end":{"line":25,"column":71}},"3":{"start":{"line":27,"column":51},"end":{"line":27,"column":56}},"4":{"start":{"line":29,"column":4},"end":{"line":74,"column":11}},"5":{"start":{"line":31,"column":24},"end":{"line":31,"column":27}},"6":{"start":{"line":33,"column":8},"end":{"line":42,"column":9}},"7":{"start":{"line":34,"column":10},"end":{"line":34,"column":46}},"8":{"start":{"line":35,"column":10},"end":{"line":37,"column":13}},"9":{"start":{"line":39,"column":10},"end":{"line":41,"column":13}},"10":{"start":{"line":43,"column":33},"end":{"line":45,"column":10}},"11":{"start":{"line":46,"column":8},"end":{"line":72,"column":10}},"12":{"start":{"line":77,"column":4},"end":{"line":83,"column":10}},"13":{"start":{"line":85,"column":2},"end":{"line":121,"column":4}},"14":{"start":{"line":124,"column":0},"end":{"line":131,"column":2}}},"fnMap":{"0":{"name":"Sidebar","decl":{"start":{"line":21,"column":24},"end":{"line":21,"column":31}},"loc":{"start":{"line":21,"column":39},"end":{"line":122,"column":1}},"line":21},"1":{"name":"activeRoute","decl":{"start":{"line":24,"column":11},"end":{"line":24,"column":22}},"loc":{"start":{"line":24,"column":34},"end":{"line":26,"column":3}},"line":24},"2":{"name":"(anonymous_2)","decl":{"start":{"line":30,"column":18},"end":{"line":30,"column":19}},"loc":{"start":{"line":30,"column":33},"end":{"line":73,"column":7}},"line":30}},"branchMap":{"0":{"loc":{"start":{"line":25,"column":11},"end":{"line":25,"column":70}},"type":"cond-expr","locations":[{"start":{"line":25,"column":58},"end":{"line":25,"column":62}},{"start":{"line":25,"column":65},"end":{"line":25,"column":70}}],"line":25},"1":{"loc":{"start":{"line":33,"column":8},"end":{"line":42,"column":9}},"type":"if","locations":[{"start":{"line":33,"column":8},"end":{"line":42,"column":9}},{"start":{"line":33,"column":8},"end":{"line":42,"column":9}}],"line":33},"2":{"loc":{"start":{"line":54,"column":15},"end":{"line":64,"column":17}},"type":"cond-expr","locations":[{"start":{"line":55,"column":16},"end":{"line":59,"column":23}},{"start":{"line":61,"column":18},"end":{"line":63,"column":20}}],"line":54}},"s":{"0":0,"1":0,"2":0,"3":0,"4":0,"5":0,"6":0,"7":0,"8":0,"9":0,"10":0,"11":0,"12":0,"13":0,"14":0},"f":{"0":0,"1":0,"2":0},"b":{"0":[0,0],"1":[0,0],"2":[0,0]}}
,"C:\\Users\\Valentin\\Desktop\\FitGive\\src\\components\\Snackbar\\Snackbar.js": {"path":"C:\\Users\\Valentin\\Desktop\\FitGive\\src\\components\\Snackbar\\Snackbar.js","statementMap":{"0":{"start":{"line":13,"column":18},"end":{"line":13,"column":36}},"1":{"start":{"line":16,"column":18},"end":{"line":16,"column":29}},"2":{"start":{"line":17,"column":55},"end":{"line":17,"column":60}},"3":{"start":{"line":18,"column":15},"end":{"line":18,"column":17}},"4":{"start":{"line":19,"column":25},"end":{"line":21,"column":4}},"5":{"start":{"line":22,"column":2},"end":{"line":34,"column":3}},"6":{"start":{"line":23,"column":4},"end":{"line":33,"column":6}},"7":{"start":{"line":29,"column":23},"end":{"line":29,"column":48}},"8":{"start":{"line":35,"column":2},"end":{"line":61,"column":4}},"9":{"start":{"line":64,"column":0},"end":{"line":72,"column":2}}},"fnMap":{"0":{"name":"Snackbar","decl":{"start":{"line":15,"column":24},"end":{"line":15,"column":32}},"loc":{"start":{"line":15,"column":40},"end":{"line":62,"column":1}},"line":15},"1":{"name":"(anonymous_1)","decl":{"start":{"line":29,"column":17},"end":{"line":29,"column":18}},"loc":{"start":{"line":29,"column":23},"end":{"line":29,"column":48}},"line":29}},"branchMap":{"0":{"loc":{"start":{"line":22,"column":2},"end":{"line":34,"column":3}},"type":"if","locations":[{"start":{"line":22,"column":2},"end":{"line":34,"column":3}},{"start":{"line":22,"column":2},"end":{"line":34,"column":3}}],"line":22},"1":{"loc":{"start":{"line":38,"column":18},"end":{"line":38,"column":62}},"type":"cond-expr","locations":[{"start":{"line":38,"column":46},"end":{"line":38,"column":54}},{"start":{"line":38,"column":57},"end":{"line":38,"column":62}}],"line":38},"2":{"loc":{"start":{"line":40,"column":10},"end":{"line":44,"column":21}},"type":"cond-expr","locations":[{"start":{"line":41,"column":14},"end":{"line":41,"column":20}},{"start":{"line":42,"column":14},"end":{"line":44,"column":21}}],"line":40},"3":{"loc":{"start":{"line":42,"column":14},"end":{"line":44,"column":21}},"type":"cond-expr","locations":[{"start":{"line":43,"column":14},"end":{"line":43,"column":22}},{"start":{"line":44,"column":14},"end":{"line":44,"column":21}}],"line":42},"4":{"loc":{"start":{"line":49,"column":11},"end":{"line":49,"column":78}},"type":"cond-expr","locations":[{"start":{"line":49,"column":32},"end":{"line":49,"column":71}},{"start":{"line":49,"column":74},"end":{"line":49,"column":78}}],"line":49}},"s":{"0":2,"1":0,"2":0,"3":0,"4":0,"5":0,"6":0,"7":0,"8":0,"9":2},"f":{"0":0,"1":0},"b":{"0":[0,0],"1":[0,0],"2":[0,0],"3":[0,0],"4":[0,0]},"_coverageSchema":"1a1c01bbd47fc00a2c39e90264f33305004495a9","hash":"cf127d5ba9950a464ca8e2d42b2cc52aac52d15d"}
,"C:\\Users\\Valentin\\Desktop\\FitGive\\src\\components\\Snackbar\\SnackbarContent.js": {"path":"C:\\Users\\Valentin\\Desktop\\FitGive\\src\\components\\Snackbar\\SnackbarContent.js","statementMap":{"0":{"start":{"line":13,"column":18},"end":{"line":13,"column":36}},"1":{"start":{"line":16,"column":18},"end":{"line":16,"column":29}},"2":{"start":{"line":17,"column":42},"end":{"line":17,"column":47}},"3":{"start":{"line":18,"column":15},"end":{"line":18,"column":17}},"4":{"start":{"line":19,"column":25},"end":{"line":21,"column":4}},"5":{"start":{"line":22,"column":2},"end":{"line":33,"column":3}},"6":{"start":{"line":23,"column":4},"end":{"line":32,"column":6}},"7":{"start":{"line":34,"column":2},"end":{"line":48,"column":4}},"8":{"start":{"line":51,"column":0},"end":{"line":56,"column":2}}},"fnMap":{"0":{"name":"SnackbarContent","decl":{"start":{"line":15,"column":24},"end":{"line":15,"column":39}},"loc":{"start":{"line":15,"column":47},"end":{"line":49,"column":1}},"line":15}},"branchMap":{"0":{"loc":{"start":{"line":22,"column":2},"end":{"line":33,"column":3}},"type":"if","locations":[{"start":{"line":22,"column":2},"end":{"line":33,"column":3}},{"start":{"line":22,"column":2},"end":{"line":33,"column":3}}],"line":22},"1":{"loc":{"start":{"line":38,"column":11},"end":{"line":38,"column":78}},"type":"cond-expr","locations":[{"start":{"line":38,"column":32},"end":{"line":38,"column":71}},{"start":{"line":38,"column":74},"end":{"line":38,"column":78}}],"line":38}},"s":{"0":2,"1":0,"2":0,"3":0,"4":0,"5":0,"6":0,"7":0,"8":2},"f":{"0":0},"b":{"0":[0,0],"1":[0,0]},"_coverageSchema":"1a1c01bbd47fc00a2c39e90264f33305004495a9","hash":"f99f7aab2cdb3bd65155041db70dbe816bd969de"}
,"C:\\Users\\Valentin\\Desktop\\FitGive\\src\\components\\Table\\Table.js": {"path":"C:\\Users\\Valentin\\Desktop\\FitGive\\src\\components\\Table\\Table.js","statementMap":{"0":{"start":{"line":13,"column":18},"end":{"line":13,"column":36}},"1":{"start":{"line":16,"column":18},"end":{"line":16,"column":29}},"2":{"start":{"line":17,"column":53},"end":{"line":17,"column":58}},"3":{"start":{"line":18,"column":2},"end":{"line":54,"column":4}},"4":{"start":{"line":25,"column":16},"end":{"line":32,"column":18}},"5":{"start":{"line":39,"column":12},"end":{"line":49,"column":14}},"6":{"start":{"line":42,"column":18},"end":{"line":46,"column":20}},"7":{"start":{"line":57,"column":0},"end":{"line":59,"column":2}},"8":{"start":{"line":61,"column":0},"end":{"line":73,"column":2}}},"fnMap":{"0":{"name":"CustomTable","decl":{"start":{"line":15,"column":24},"end":{"line":15,"column":35}},"loc":{"start":{"line":15,"column":43},"end":{"line":55,"column":1}},"line":15},"1":{"name":"(anonymous_1)","decl":{"start":{"line":24,"column":29},"end":{"line":24,"column":30}},"loc":{"start":{"line":24,"column":44},"end":{"line":33,"column":15}},"line":24},"2":{"name":"(anonymous_2)","decl":{"start":{"line":38,"column":25},"end":{"line":38,"column":26}},"loc":{"start":{"line":38,"column":40},"end":{"line":50,"column":11}},"line":38},"3":{"name":"(anonymous_3)","decl":{"start":{"line":41,"column":26},"end":{"line":41,"column":27}},"loc":{"start":{"line":41,"column":41},"end":{"line":47,"column":17}},"line":41}},"branchMap":{"0":{"loc":{"start":{"line":21,"column":9},"end":{"line":36,"column":16}},"type":"cond-expr","locations":[{"start":{"line":22,"column":10},"end":{"line":35,"column":22}},{"start":{"line":36,"column":12},"end":{"line":36,"column":16}}],"line":21}},"s":{"0":0,"1":0,"2":0,"3":0,"4":0,"5":0,"6":0,"7":0,"8":0},"f":{"0":0,"1":0,"2":0,"3":0},"b":{"0":[0,0]}}
,"C:\\Users\\Valentin\\Desktop\\FitGive\\src\\components\\Tasks\\Tasks.js": {"path":"C:\\Users\\Valentin\\Desktop\\FitGive\\src\\components\\Tasks\\Tasks.js","statementMap":{"0":{"start":{"line":19,"column":18},"end":{"line":19,"column":36}},"1":{"start":{"line":22,"column":18},"end":{"line":22,"column":29}},"2":{"start":{"line":23,"column":32},"end":{"line":23,"column":73}},"3":{"start":{"line":24,"column":23},"end":{"line":33,"column":3}},"4":{"start":{"line":25,"column":25},"end":{"line":25,"column":47}},"5":{"start":{"line":26,"column":23},"end":{"line":26,"column":35}},"6":{"start":{"line":27,"column":4},"end":{"line":31,"column":5}},"7":{"start":{"line":28,"column":6},"end":{"line":28,"column":29}},"8":{"start":{"line":30,"column":6},"end":{"line":30,"column":41}},"9":{"start":{"line":32,"column":4},"end":{"line":32,"column":27}},"10":{"start":{"line":34,"column":34},"end":{"line":34,"column":39}},"11":{"start":{"line":35,"column":27},"end":{"line":35,"column":44}},"12":{"start":{"line":36,"column":2},"end":{"line":95,"column":4}},"13":{"start":{"line":40,"column":10},"end":{"line":91,"column":21}},"14":{"start":{"line":45,"column":31},"end":{"line":45,"column":50}},"15":{"start":{"line":98,"column":0},"end":{"line":102,"column":2}}},"fnMap":{"0":{"name":"Tasks","decl":{"start":{"line":21,"column":24},"end":{"line":21,"column":29}},"loc":{"start":{"line":21,"column":37},"end":{"line":96,"column":1}},"line":21},"1":{"name":"(anonymous_1)","decl":{"start":{"line":24,"column":23},"end":{"line":24,"column":24}},"loc":{"start":{"line":24,"column":32},"end":{"line":33,"column":3}},"line":24},"2":{"name":"(anonymous_2)","decl":{"start":{"line":39,"column":26},"end":{"line":39,"column":27}},"loc":{"start":{"line":40,"column":10},"end":{"line":91,"column":21}},"line":40},"3":{"name":"(anonymous_3)","decl":{"start":{"line":45,"column":25},"end":{"line":45,"column":26}},"loc":{"start":{"line":45,"column":31},"end":{"line":45,"column":50}},"line":45}},"branchMap":{"0":{"loc":{"start":{"line":27,"column":4},"end":{"line":31,"column":5}},"type":"if","locations":[{"start":{"line":27,"column":4},"end":{"line":31,"column":5}},{"start":{"line":27,"column":4},"end":{"line":31,"column":5}}],"line":27}},"s":{"0":0,"1":0,"2":0,"3":0,"4":0,"5":0,"6":0,"7":0,"8":0,"9":0,"10":0,"11":0,"12":0,"13":0,"14":0,"15":0},"f":{"0":0,"1":0,"2":0,"3":0},"b":{"0":[0,0]}}
,"C:\\Users\\Valentin\\Desktop\\FitGive\\src\\components\\Typography\\Danger.js": {"path":"C:\\Users\\Valentin\\Desktop\\FitGive\\src\\components\\Typography\\Danger.js","statementMap":{"0":{"start":{"line":8,"column":18},"end":{"line":8,"column":36}},"1":{"start":{"line":11,"column":18},"end":{"line":11,"column":29}},"2":{"start":{"line":12,"column":23},"end":{"line":12,"column":28}},"3":{"start":{"line":13,"column":2},"end":{"line":17,"column":4}},"4":{"start":{"line":20,"column":0},"end":{"line":22,"column":2}}},"fnMap":{"0":{"name":"Danger","decl":{"start":{"line":10,"column":24},"end":{"line":10,"column":30}},"loc":{"start":{"line":10,"column":38},"end":{"line":18,"column":1}},"line":10}},"branchMap":{},"s":{"0":0,"1":0,"2":0,"3":0,"4":0},"f":{"0":0},"b":{}}
,"C:\\Users\\Valentin\\Desktop\\FitGive\\src\\components\\Typography\\Info.js": {"path":"C:\\Users\\Valentin\\Desktop\\FitGive\\src\\components\\Typography\\Info.js","statementMap":{"0":{"start":{"line":8,"column":18},"end":{"line":8,"column":36}},"1":{"start":{"line":11,"column":18},"end":{"line":11,"column":29}},"2":{"start":{"line":12,"column":23},"end":{"line":12,"column":28}},"3":{"start":{"line":13,"column":2},"end":{"line":17,"column":4}},"4":{"start":{"line":20,"column":0},"end":{"line":22,"column":2}}},"fnMap":{"0":{"name":"Info","decl":{"start":{"line":10,"column":24},"end":{"line":10,"column":28}},"loc":{"start":{"line":10,"column":36},"end":{"line":18,"column":1}},"line":10}},"branchMap":{},"s":{"0":0,"1":0,"2":0,"3":0,"4":0},"f":{"0":0},"b":{}}
,"C:\\Users\\Valentin\\Desktop\\FitGive\\src\\components\\Typography\\Muted.js": {"path":"C:\\Users\\Valentin\\Desktop\\FitGive\\src\\components\\Typography\\Muted.js","statementMap":{"0":{"start":{"line":8,"column":18},"end":{"line":8,"column":36}},"1":{"start":{"line":11,"column":18},"end":{"line":11,"column":29}},"2":{"start":{"line":12,"column":23},"end":{"line":12,"column":28}},"3":{"start":{"line":13,"column":2},"end":{"line":17,"column":4}},"4":{"start":{"line":20,"column":0},"end":{"line":22,"column":2}}},"fnMap":{"0":{"name":"Muted","decl":{"start":{"line":10,"column":24},"end":{"line":10,"column":29}},"loc":{"start":{"line":10,"column":37},"end":{"line":18,"column":1}},"line":10}},"branchMap":{},"s":{"0":0,"1":0,"2":0,"3":0,"4":0},"f":{"0":0},"b":{}}
,"C:\\Users\\Valentin\\Desktop\\FitGive\\src\\components\\Typography\\Primary.js": {"path":"C:\\Users\\Valentin\\Desktop\\FitGive\\src\\components\\Typography\\Primary.js","statementMap":{"0":{"start":{"line":8,"column":18},"end":{"line":8,"column":36}},"1":{"start":{"line":11,"column":18},"end":{"line":11,"column":29}},"2":{"start":{"line":12,"column":23},"end":{"line":12,"column":28}},"3":{"start":{"line":13,"column":2},"end":{"line":17,"column":4}},"4":{"start":{"line":20,"column":0},"end":{"line":22,"column":2}}},"fnMap":{"0":{"name":"Primary","decl":{"start":{"line":10,"column":24},"end":{"line":10,"column":31}},"loc":{"start":{"line":10,"column":39},"end":{"line":18,"column":1}},"line":10}},"branchMap":{},"s":{"0":0,"1":0,"2":0,"3":0,"4":0},"f":{"0":0},"b":{}}
,"C:\\Users\\Valentin\\Desktop\\FitGive\\src\\components\\Typography\\Quote.js": {"path":"C:\\Users\\Valentin\\Desktop\\FitGive\\src\\components\\Typography\\Quote.js","statementMap":{"0":{"start":{"line":8,"column":18},"end":{"line":8,"column":36}},"1":{"start":{"line":11,"column":18},"end":{"line":11,"column":29}},"2":{"start":{"line":12,"column":27},"end":{"line":12,"column":32}},"3":{"start":{"line":13,"column":2},"end":{"line":18,"column":4}},"4":{"start":{"line":21,"column":0},"end":{"line":24,"column":2}}},"fnMap":{"0":{"name":"Quote","decl":{"start":{"line":10,"column":24},"end":{"line":10,"column":29}},"loc":{"start":{"line":10,"column":37},"end":{"line":19,"column":1}},"line":10}},"branchMap":{},"s":{"0":0,"1":0,"2":0,"3":0,"4":0},"f":{"0":0},"b":{}}
,"C:\\Users\\Valentin\\Desktop\\FitGive\\src\\components\\Typography\\Success.js": {"path":"C:\\Users\\Valentin\\Desktop\\FitGive\\src\\components\\Typography\\Success.js","statementMap":{"0":{"start":{"line":8,"column":18},"end":{"line":8,"column":36}},"1":{"start":{"line":11,"column":18},"end":{"line":11,"column":29}},"2":{"start":{"line":12,"column":23},"end":{"line":12,"column":28}},"3":{"start":{"line":13,"column":2},"end":{"line":17,"column":4}},"4":{"start":{"line":20,"column":0},"end":{"line":22,"column":2}}},"fnMap":{"0":{"name":"Success","decl":{"start":{"line":10,"column":24},"end":{"line":10,"column":31}},"loc":{"start":{"line":10,"column":39},"end":{"line":18,"column":1}},"line":10}},"branchMap":{},"s":{"0":0,"1":0,"2":0,"3":0,"4":0},"f":{"0":0},"b":{}}
,"C:\\Users\\Valentin\\Desktop\\FitGive\\src\\components\\Typography\\Warning.js": {"path":"C:\\Users\\Valentin\\Desktop\\FitGive\\src\\components\\Typography\\Warning.js","statementMap":{"0":{"start":{"line":8,"column":18},"end":{"line":8,"column":36}},"1":{"start":{"line":11,"column":18},"end":{"line":11,"column":29}},"2":{"start":{"line":12,"column":23},"end":{"line":12,"column":28}},"3":{"start":{"line":13,"column":2},"end":{"line":17,"column":4}},"4":{"start":{"line":20,"column":0},"end":{"line":22,"column":2}}},"fnMap":{"0":{"name":"Warning","decl":{"start":{"line":10,"column":24},"end":{"line":10,"column":31}},"loc":{"start":{"line":10,"column":39},"end":{"line":18,"column":1}},"line":10}},"branchMap":{},"s":{"0":0,"1":0,"2":0,"3":0,"4":0},"f":{"0":0},"b":{}}
,"C:\\Users\\Valentin\\Desktop\\FitGive\\src\\context\\authContext.js": {"path":"C:\\Users\\Valentin\\Desktop\\FitGive\\src\\context\\authContext.js","statementMap":{"0":{"start":{"line":4,"column":20},"end":{"line":4,"column":41}},"1":{"start":{"line":7,"column":4},"end":{"line":7,"column":34}},"2":{"start":{"line":11,"column":42},"end":{"line":11,"column":52}},"3":{"start":{"line":12,"column":50},"end":{"line":12,"column":60}},"4":{"start":{"line":13,"column":34},"end":{"line":13,"column":48}},"5":{"start":{"line":16,"column":22},"end":{"line":24,"column":10}},"6":{"start":{"line":17,"column":25},"end":{"line":17,"column":62}},"7":{"start":{"line":18,"column":12},"end":{"line":23,"column":14}},"8":{"start":{"line":25,"column":8},"end":{"line":25,"column":22}},"9":{"start":{"line":29,"column":8},"end":{"line":29,"column":63}},"10":{"start":{"line":33,"column":8},"end":{"line":33,"column":29}},"11":{"start":{"line":37,"column":8},"end":{"line":37,"column":49}},"12":{"start":{"line":41,"column":8},"end":{"line":50,"column":9}},"13":{"start":{"line":42,"column":12},"end":{"line":49,"column":15}},"14":{"start":{"line":45,"column":16},"end":{"line":45,"column":46}},"15":{"start":{"line":48,"column":16},"end":{"line":48,"column":64}},"16":{"start":{"line":55,"column":4},"end":{"line":64,"column":10}},"17":{"start":{"line":56,"column":8},"end":{"line":56,"column":24}},"18":{"start":{"line":57,"column":28},"end":{"line":61,"column":10}},"19":{"start":{"line":58,"column":12},"end":{"line":58,"column":32}},"20":{"start":{"line":59,"column":12},"end":{"line":59,"column":29}},"21":{"start":{"line":60,"column":12},"end":{"line":60,"column":29}},"22":{"start":{"line":63,"column":8},"end":{"line":63,"column":26}},"23":{"start":{"line":67,"column":18},"end":{"line":74,"column":5}},"24":{"start":{"line":75,"column":4},"end":{"line":79,"column":5}}},"fnMap":{"0":{"name":"useAuth","decl":{"start":{"line":6,"column":16},"end":{"line":6,"column":23}},"loc":{"start":{"line":6,"column":26},"end":{"line":8,"column":1}},"line":6},"1":{"name":"AuthProvider","decl":{"start":{"line":10,"column":16},"end":{"line":10,"column":28}},"loc":{"start":{"line":10,"column":41},"end":{"line":80,"column":1}},"line":10},"2":{"name":"signup","decl":{"start":{"line":15,"column":13},"end":{"line":15,"column":19}},"loc":{"start":{"line":15,"column":57},"end":{"line":26,"column":5}},"line":15},"3":{"name":"(anonymous_3)","decl":{"start":{"line":16,"column":81},"end":{"line":16,"column":82}},"loc":{"start":{"line":16,"column":89},"end":{"line":24,"column":9}},"line":16},"4":{"name":"signin","decl":{"start":{"line":28,"column":13},"end":{"line":28,"column":19}},"loc":{"start":{"line":28,"column":36},"end":{"line":30,"column":5}},"line":28},"5":{"name":"logout","decl":{"start":{"line":32,"column":13},"end":{"line":32,"column":19}},"loc":{"start":{"line":32,"column":21},"end":{"line":34,"column":5}},"line":32},"6":{"name":"resetPassword","decl":{"start":{"line":36,"column":13},"end":{"line":36,"column":26}},"loc":{"start":{"line":36,"column":33},"end":{"line":38,"column":5}},"line":36},"7":{"name":"getUserInfo","decl":{"start":{"line":40,"column":13},"end":{"line":40,"column":24}},"loc":{"start":{"line":40,"column":30},"end":{"line":52,"column":5}},"line":40},"8":{"name":"(anonymous_8)","decl":{"start":{"line":44,"column":18},"end":{"line":44,"column":19}},"loc":{"start":{"line":44,"column":32},"end":{"line":46,"column":13}},"line":44},"9":{"name":"(anonymous_9)","decl":{"start":{"line":47,"column":19},"end":{"line":47,"column":20}},"loc":{"start":{"line":47,"column":35},"end":{"line":49,"column":13}},"line":47},"10":{"name":"(anonymous_10)","decl":{"start":{"line":55,"column":14},"end":{"line":55,"column":15}},"loc":{"start":{"line":55,"column":20},"end":{"line":64,"column":5}},"line":55},"11":{"name":"(anonymous_11)","decl":{"start":{"line":57,"column":52},"end":{"line":57,"column":53}},"loc":{"start":{"line":57,"column":60},"end":{"line":61,"column":9}},"line":57}},"branchMap":{"0":{"loc":{"start":{"line":41,"column":8},"end":{"line":50,"column":9}},"type":"if","locations":[{"start":{"line":41,"column":8},"end":{"line":50,"column":9}},{"start":{"line":41,"column":8},"end":{"line":50,"column":9}}],"line":41},"1":{"loc":{"start":{"line":77,"column":13},"end":{"line":77,"column":33}},"type":"binary-expr","locations":[{"start":{"line":77,"column":13},"end":{"line":77,"column":21}},{"start":{"line":77,"column":25},"end":{"line":77,"column":33}}],"line":77}},"s":{"0":4,"1":0,"2":0,"3":0,"4":0,"5":0,"6":0,"7":0,"8":0,"9":0,"10":0,"11":0,"12":0,"13":0,"14":0,"15":0,"16":0,"17":0,"18":0,"19":0,"20":0,"21":0,"22":0,"23":0,"24":0},"f":{"0":0,"1":0,"2":0,"3":0,"4":0,"5":0,"6":0,"7":0,"8":0,"9":0,"10":0,"11":0},"b":{"0":[0,0],"1":[0,0]},"_coverageSchema":"1a1c01bbd47fc00a2c39e90264f33305004495a9","hash":"7b602bd79f41b9772e3aa70ebe5570f5867fa4cc"}
,"C:\\Users\\Valentin\\Desktop\\FitGive\\src\\layouts\\Admin.js": {"path":"C:\\Users\\Valentin\\Desktop\\FitGive\\src\\layouts\\Admin.js","statementMap":{"0":{"start":{"line":23,"column":2},"end":{"line":37,"column":11}},"1":{"start":{"line":25,"column":6},"end":{"line":33,"column":7}},"2":{"start":{"line":26,"column":8},"end":{"line":32,"column":10}},"3":{"start":{"line":34,"column":6},"end":{"line":34,"column":18}},"4":{"start":{"line":40,"column":18},"end":{"line":40,"column":36}},"5":{"start":{"line":44,"column":18},"end":{"line":44,"column":29}},"6":{"start":{"line":46,"column":20},"end":{"line":46,"column":37}},"7":{"start":{"line":48,"column":28},"end":{"line":48,"column":50}},"8":{"start":{"line":49,"column":42},"end":{"line":49,"column":73}},"9":{"start":{"line":50,"column":38},"end":{"line":50,"column":59}},"10":{"start":{"line":51,"column":27},"end":{"line":53,"column":3}},"11":{"start":{"line":52,"column":4},"end":{"line":52,"column":20}},"12":{"start":{"line":54,"column":27},"end":{"line":60,"column":3}},"13":{"start":{"line":55,"column":4},"end":{"line":59,"column":5}},"14":{"start":{"line":56,"column":6},"end":{"line":56,"column":39}},"15":{"start":{"line":58,"column":6},"end":{"line":58,"column":34}},"16":{"start":{"line":61,"column":29},"end":{"line":63,"column":3}},"17":{"start":{"line":62,"column":4},"end":{"line":62,"column":31}},"18":{"start":{"line":64,"column":19},"end":{"line":66,"column":3}},"19":{"start":{"line":65,"column":4},"end":{"line":65,"column":52}},"20":{"start":{"line":67,"column":25},"end":{"line":71,"column":3}},"21":{"start":{"line":68,"column":4},"end":{"line":70,"column":5}},"22":{"start":{"line":69,"column":6},"end":{"line":69,"column":27}},"23":{"start":{"line":73,"column":2},"end":{"line":89,"column":18}},"24":{"start":{"line":74,"column":4},"end":{"line":80,"column":5}},"25":{"start":{"line":75,"column":6},"end":{"line":78,"column":9}},"26":{"start":{"line":79,"column":6},"end":{"line":79,"column":46}},"27":{"start":{"line":81,"column":4},"end":{"line":81,"column":54}},"28":{"start":{"line":83,"column":4},"end":{"line":88,"column":6}},"29":{"start":{"line":84,"column":6},"end":{"line":86,"column":7}},"30":{"start":{"line":85,"column":8},"end":{"line":85,"column":21}},"31":{"start":{"line":87,"column":6},"end":{"line":87,"column":59}},"32":{"start":{"line":90,"column":2},"end":{"line":124,"column":4}}},"fnMap":{"0":{"name":"(anonymous_0)","decl":{"start":{"line":24,"column":16},"end":{"line":24,"column":17}},"loc":{"start":{"line":24,"column":31},"end":{"line":35,"column":5}},"line":24},"1":{"name":"Admin","decl":{"start":{"line":42,"column":24},"end":{"line":42,"column":29}},"loc":{"start":{"line":42,"column":43},"end":{"line":125,"column":1}},"line":42},"2":{"name":"(anonymous_2)","decl":{"start":{"line":51,"column":27},"end":{"line":51,"column":28}},"loc":{"start":{"line":51,"column":36},"end":{"line":53,"column":3}},"line":51},"3":{"name":"(anonymous_3)","decl":{"start":{"line":54,"column":27},"end":{"line":54,"column":28}},"loc":{"start":{"line":54,"column":33},"end":{"line":60,"column":3}},"line":54},"4":{"name":"(anonymous_4)","decl":{"start":{"line":61,"column":29},"end":{"line":61,"column":30}},"loc":{"start":{"line":61,"column":35},"end":{"line":6
[...]
,"C:\\Users\\Valentin\\Desktop\\FitGive\\src\\views\\Challenges\\Challenges.js": {"path":"C:\\Users\\Valentin\\Desktop\\FitGive\\src\\views\\Challenges\\Challenges.js","statementMap":{"0":{"start":{"line":17,"column":18},"end":{"line":17,"column":36}},"1":{"start":{"line":20,"column":18},"end":{"line":20,"column":29}},"2":{"start":{"line":21,"column":20},"end":{"line":31,"column":3}},"3":{"start":{"line":32,"column":2},"end":{"line":63,"column":4}}},"fnMap":{"0":{"name":"Challenges","decl":{"start":{"line":19,"column":24},"end":{"line":19,"column":34}},"loc":{"start":{"line":19,"column":37},"end":{"line":64,"column":1}},"line":19}},"branchMap":{},"s":{"0":0,"1":0,"2":0,"3":0},"f":{"0":0},"b":{}}
,"C:\\Users\\Valentin\\Desktop\\FitGive\\src\\views\\Dashboard\\Dashboard.js": {"path":"C:\\Users\\Valentin\\Desktop\\FitGive\\src\\views\\Dashboard\\Dashboard.js","statementMap":{"0":{"start":{"line":24,"column":18},"end":{"line":24,"column":36}},"1":{"start":{"line":27,"column":18},"end":{"line":27,"column":29}},"2":{"start":{"line":28,"column":28},"end":{"line":28,"column":37}},"3":{"start":{"line":29,"column":15},"end":{"line":29,"column":58}},"4":{"start":{"line":30,"column":20},"end":{"line":30,"column":82}},"5":{"start":{"line":31,"column":19},"end":{"line":31,"column":80}},"6":{"start":{"line":32,"column":22},"end":{"line":32,"column":71}},"7":{"start":{"line":33,"column":21},"end":{"line":33,"column":69}},"8":{"start":{"line":34,"column":18},"end":{"line":34,"column":75}},"9":{"start":{"line":35,"column":2},"end":{"line":153,"column":4}}},"fnMap":{"0":{"name":"Dashboard","decl":{"start":{"line":26,"column":24},"end":{"line":26,"column":33}},"loc":{"start":{"line":26,"column":36},"end":{"line":154,"column":1}},"line":26}},"branchMap":{"0":{"loc":{"start":{"line":29,"column":15},"end":{"line":29,"column":58}},"type":"cond-expr","locations":[{"start":{"line":29,"column":33},"end":{"line":29,"column":53}},{"start":{"line":29,"column":56},"end":{"line":29,"column":58}}],"line":29},"1":{"loc":{"start":{"line":30,"column":20},"end":{"line":30,"column":82}},"type":"cond-expr","locations":[{"start":{"line":30,"column":38},"end":{"line":30,"column":77}},{"start":{"line":30,"column":80},"end":{"line":30,"column":82}}],"line":30},"2":{"loc":{"start":{"line":31,"column":19},"end":{"line":31,"column":80}},"type":"cond-expr","locations":[{"start":{"line":31,"column":37},"end":{"line":31,"column":75}},{"start":{"line":31,"column":78},"end":{"line":31,"column":80}}],"line":31},"3":{"loc":{"start":{"line":32,"column":22},"end":{"line":32,"column":71}},"type":"cond-expr","locations":[{"start":{"line":32,"column":34},"end":{"line":32,"column":67}},{"start":{"line":32,"column":69},"end":{"line":32,"column":71}}],"line":32},"4":{"loc":{"start":{"line":33,"column":21},"end":{"line":33,"column":69}},"type":"cond-expr","locations":[{"start":{"line":33,"column":32},"end":{"line":33,"column":64}},{"start":{"line":33,"column":67},"end":{"line":33,"column":69}}],"line":33},"5":{"loc":{"start":{"line":34,"column":18},"end":{"line":34,"column":75}},"type":"cond-expr","locations":[{"start":{"line":34,"column":46},"end":{"line":34,"column":70}},{"start":{"line":34,"column":73},"end":{"line":34,"column":75}}],"line":34},"6":{"loc":{"start":{"line":34,"column":18},"end":{"line":34,"column":43}},"type":"binary-expr","locations":[{"start":{"line":34,"column":18},"end":{"line":34,"column":29}},{"start":{"line":34,"column":33},"end":{"line":34,"column":43}}],"line":34}},"s":{"0":1,"1":18,"2":18,"3":18,"4":18,"5":18,"6":18,"7":18,"8":18,"9":18},"f":{"0":18},"b":{"0":[18,0],"1":[18,0],"2":[18,0],"3":[18,0],"4":[18,0],"5":[18,0],"6":[18,18]},"_coverageSchema":"1a1c01bbd47fc00a2c39e90264f33305004495a9","hash":"8aee9987b2b40dd39f7ef75b0fbf04af70f5667a"}
,"C:\\Users\\Valentin\\Desktop\\FitGive\\src\\views\\Friends\\Friends.js": {"path":"C:\\Users\\Valentin\\Desktop\\FitGive\\src\\views\\Friends\\Friends.js","statementMap":{"0":{"start":{"line":22,"column":15},"end":{"line":57,"column":1}},"1":{"start":{"line":58,"column":18},"end":{"line":78,"column":1}},"2":{"start":{"line":81,"column":18},"end":{"line":81,"column":36}},"3":{"start":{"line":84,"column":18},"end":{"line":84,"column":29}},"4":{"start":{"line":85,"column":2},"end":{"line":128,"column":4}}},"fnMap":{"0":{"name":"Friends","decl":{"start":{"line":83,"column":24},"end":{"line":83,"column":31}},"loc":{"start":{"line":83,"column":34},"end":{"line":129,"column":1}},"line":83}},"branchMap":{},"s":{"0":1,"1":1,"2":1,"3":4,"4":4},"f":{"0":4},"b":{},"_coverageSchema":"1a1c01bbd47fc00a2c39e90264f33305004495a9","hash":"f09f1efe9a66f116495013f62d68e079ee8b4a46"}
,"C:\\Users\\Valentin\\Desktop\\FitGive\\src\\views\\Maps\\Maps.js": {"path":"C:\\Users\\Valentin\\Desktop\\FitGive\\src\\views\\Maps\\Maps.js","statementMap":{"0":{"start":{"line":9,"column":22},"end":{"line":82,"column":1}},"1":{"start":{"line":11,"column":4},"end":{"line":80,"column":16}},"2":{"start":{"line":85,"column":2},"end":{"line":92,"column":4}}},"fnMap":{"0":{"name":"(anonymous_0)","decl":{"start":{"line":10,"column":16},"end":{"line":10,"column":17}},"loc":{"start":{"line":11,"column":4},"end":{"line":80,"column":16}},"line":11},"1":{"name":"Maps","decl":{"start":{"line":84,"column":24},"end":{"line":84,"column":28}},"loc":{"start":{"line":84,"column":31},"end":{"line":93,"column":1}},"line":84}},"branchMap":{},"s":{"0":0,"1":0,"2":0},"f":{"0":0,"1":0},"b":{}}
,"C:\\Users\\Valentin\\Desktop\\FitGive\\src\\views\\Notifications\\Notifications.js": {"path":"C:\\Users\\Valentin\\Desktop\\FitGive\\src\\views\\Notifications\\Notifications.js","statementMap":{"0":{"start":{"line":19,"column":15},"end":{"line":47,"column":1}},"1":{"start":{"line":49,"column":18},"end":{"line":49,"column":36}},"2":{"start":{"line":52,"column":18},"end":{"line":52,"column":29}},"3":{"start":{"line":53,"column":22},"end":{"line":53,"column":43}},"4":{"start":{"line":54,"column":22},"end":{"line":54,"column":43}},"5":{"start":{"line":55,"column":22},"end":{"line":55,"column":43}},"6":{"start":{"line":56,"column":22},"end":{"line":56,"column":43}},"7":{"start":{"line":57,"column":22},"end":{"line":57,"column":43}},"8":{"start":{"line":58,"column":22},"end":{"line":58,"column":43}},"9":{"start":{"line":59,"column":2},"end":{"line":68,"column":5}},"10":{"start":{"line":61,"column":4},"end":{"line":67,"column":6}},"11":{"start":{"line":63,"column":15},"end":{"line":63,"column":41}},"12":{"start":{"line":64,"column":6},"end":{"line":66,"column":7}},"13":{"start":{"line":65,"column":8},"end":{"line":65,"column":32}},"14":{"start":{"line":69,"column":27},"end":{"line":122,"column":3}},"15":{"start":{"line":70,"column":4},"end":{"line":121,"column":5}},"16":{"start":{"line":72,"column":8},"end":{"line":77,"column":9}},"17":{"start":{"line":73,"column":10},"end":{"line":73,"column":22}},"18":{"start":{"line":74,"column":10},"end":{"line":76,"column":19}},"19":{"start":{"line":75,"column":12},"end":{"line":75,"column":25}},"20":{"start":{"line":78,"column":8},"end":{"line":78,"column":14}},"21":{"start":{"line":80,"column":8},"end":{"line":85,"column":9}},"22":{"start":{"line":81,"column":10},"end":{"line":81,"column":22}},"23":{"start":{"line":82,"column":10},"end":{"line":84,"column":19}},"24":{"start":{"line":83,"column":12},"end":{"line":83,"column":25}},"25":{"start":{"line":86,"column":8},"end":{"line":86,"column":14}},"26":{"start":{"line":88,"column":8},"end":{"line":93,"column":9}},"27":{"start":{"line":89,"column":10},"end":{"line":89,"column":22}},"28":{"start":{"line":90,"column":10},"end":{"line":92,"column":19}},"29":{"start":{"line":91,"column":12},"end":{"line":91,"column":25}},"30":{"start":{"line":94,"column":8},"end":{"line":94,"column":14}},"31":{"start":{"line":96,"column":8},"end":{"line":101,"column":9}},"32":{"start":{"line":97,"column":10},"end":{"line":97,"column":22}},"33":{"start":{"line":98,"column":10},"end":{"line":100,"column":19}},"34":{"start":{"line":99,"column":12},"end":{"line":99,"column":25}},"35":{"start":{"line":102,"column":8},"end":{"line":102,"column":14}},"36":{"start":{"line":104,"column":8},"end":{"line":109,"column":9}},"37":{"start":{"line":105,"column":10},"end":{"line":105,"column":22}},"38":{"start":{"line":106,"column":10},"end":{"line":108,"column":19}},"39":{"start":{"line":107,"column":12},"end":{"line":107,"column":25}},"40":{"start":{"line":110,"column":8},"end":{"line":110,"column":14}},"41":{"start":{"line":112,"column":8},"end":{"line":117,"column":9}},"42":{"start":{"line":113,"column":10},"end":{"line":113,"column":22}},"43":{"start":{"line":114,"column":10},"end":{"line":116,"column":19}},"44":{"start":{"line":115,"column":12},"end":{"line":115,"column":25}},"45":{"start":{"line":118,"column":8},"end":{"line":118,"column":14}},"46":{"start":{"line":120,"column":8},"end":{"line":120,"column":14}},"47":{"start":{"line":123,"column":2},"end":{"line":345,"column":4}},"48":{"start":{"line":230,"column":33},"end":{"line":230,"column":55}},"49":{"start":{"line":240,"column":43},"end":{"line":240,"column":55}},"50":{"start":{"line":248,"column":33},"end":{"line":248,"column":55}},"51":{"start":{"line":258,"column":43},"end":{"line":258,"column":55}},"52":{"start":{"line":266,"column":33},"end":{"line":266,"column":55}},"53":{"start":{"line":276,"column":43},"end":{"line":276,"column":55}},"54":{"start":{"line":290,"column":33},"end":{"line":290,"column":55}},"55":{"start":{"line":300,"column":43},"end":{"line":300,"column":55}},"56":{"start":{"line":308,"column":33},"end":{"line":308,"column":55}},"57":{"start":{"line":318,"column":43},"end":{"line":318,"column":55}},"58":{"start":{"line":326,"column":33},"end":{"line":326,"column":55}},"59":{"start":{"line":336,"column":43},"end":{"line":336,"column":55}}},"fnMap":{"0":{"name":"Notifications","decl":{"start":{"line":51,"column":24},"end":{"line":51,"column":37}},"loc":{"start":{"line":51,"column":40},"end":{"line":346,"column":1}},"line":51},"1":{"name":"(anonymous_1)","decl":{"start":{"line":59,"column":18},"end":{"line":59,"column":19}},"loc":{"start":{"line":59,"column":24},"end":{"line":68,"column":3}},"line":59},"2":{"name":"cleanup","decl":{"start":{"line":61,"column":20},"end":{"line":61,"column":27}},"loc":{"start":{"line":61,"column":30},"end":{"line":67,"column":5}},"line":61},"3":{"name":"(anonymous_3)","decl":{"start":{"line":69,"column":27},"end":{"line":69,"column":28}},"loc":{"start":{"line":69,"column":36},"end":{"line":122,"column":3}},"line":69},"4":{"name":"(anonymous_4)","decl":{"start":{"line":74,"column":21},"end":{"line":74,"column":22}},"loc":{"start":{"line":74,"column":32},"end":{"line":76,"column":11}},"line":74},"5":{"name":"(anonymous_5)","decl":{"start":{"line":82,"column":21},"end":{"line":82,"column":22}},"loc":{"start":{"line":82,"column":32},"end":{"line":84,"column":11}},"line":82},"6":{"name":"(anonymous_6)","decl":{"start":{"line":90,"column":21},"end":{"line":90,"column":22}},"loc":{"start":{"line":90,"column":32},"end":{"line":92,"column":11}},"line":90},"7":{"name":"(anonymous_7)","decl":{"start":{"line":98,"column":21},"end":{"line":98,"column":22}},"loc":{"start":{"line":98,"column":32},"end":{"line":100,"column":11}},"line":98},"8":{"name":"(anonymous_8)","decl":{"start":{"line":106,"column":21},"end":{"line":106,"column":22}},"loc":{"start":{"line":106,"column":32},"end":{"line":108,"column":11}},"line":106},"9":{"name":"(anonymous_9)","decl":{"start":{"line":114,"column":21},"end":{"line":114,"column":22}},"loc":{"start":{"line":114,"column":32},"end":{"line":116,"column":11}},"line":114},"10":{"name":"(anonymous_10)","decl":{"start":{"line":230,"column":27},"end":{"line":230,"column":28}},"loc":{"start":{"line":230,"column":33},"end":{"line":230,"column":55}},"line":230},"11":{"name":"(anonymous_11)","decl":{"start":{"line":240,"column":37},"end":{"line":240,"column":38}},"loc":{"start":{"line":240,"column":43},"end":{"line":240,"column":55}},"line":240},"12":{"name":"(anonymous_12)","decl":{"start":{"line":248,"column":27},"end":{"line":248,"column":28}},"loc":{"start":{"line":248,"column":33},"end":{"line":248,"column":55}},"line":248},"13":{"name":"(anonymous_13)","decl":{"start":{"line":258,"column":37},"end":{"line":258,"column":38}},"loc":{"start":{"line":258,"column":43},"end":{"line":258,"column":55}},"line":258},"14":{"name":"(anonymous_14)","decl":{"start":{"line":266,"column":27},"end":{"line":266,"column":28}},"loc":{"start":{"line":266,"column":33},"end":{"line":266,"column":55}},"line":266},"15":{"name":"(anonymous_15)","decl":{"start":{"line":276,"column":37},"end":{"line":276,"column":38}},"loc":{"start":{"line":276,"column":43},"end":{"line":276,"column":55}},"line":276},"16":{"name":"(anonymous_16)","decl":{"start":{"line":290,"column":27},"end":{"line":290,"column":28}},"loc":{"start":{"line":290,"column":33},"end":{"line":290,"column":55}},"line":290},"17":{"name":"(anonymous_17)","decl":{"start":{"line":300,"column":37},"end":{"line":300,"column":38}},"loc":{"start":{"line":300,"column":43},"end":{"line":300,"column":55}},"line":300},"18":{"name":"(anonymous_18)","decl":{"start":{"line":308,"column":27},"end":{"line":308,"column":28}},"loc":{"start":{"line":308,"column":33},"end":{"line":308,"column":55}},"line":308},"19":{"name":"(anonymous_19)","decl":{"start":{"line":318,"column":37},"end":{"line":318,"column":38}},"loc":{"start":{"line":318,"column":43},"end":{"line":318,"column":55}},"line":318},"20":{"name":"(anonymous_20)","decl":{"start":{"line":326,"column":27},"end":{"line":326,"column":28}},"loc":{"start":{"line":326,"column":33},"end":{"line":326,"column":55}},"line":326},"21":{"name":"(anonymous_21)","decl":{"start":{"line":336,"column":37},"end":{"line":336,"column":38}},"loc":{"start":{"line":336,"column":43},"end":{"line":336,"column":55}},"line":336}},"branchMap":{"0":{"loc":{"start":{"line":70,"column":4},"end":{"line":121,"column":5}},"type":"switch","locations":[{"start":{"line":71,"column":6},"end":{"line":78,"column":14}},{"start":{"line":79,"column":6},"end":{"line":86,"column":14}},{"start":{"line":87,"column":6},"end":{"line":94,"column":14}},{"start":{"line":95,"column":6},"end":{"line":102,"column":14}},{"start":{"line":103,"column":6},"end":{"line":110,"column":14}},{"start":{"line":111,"column":6},"end":{"line":118,"column":14}},{"start":{"line":119,"column":6},"end":{"line":120,"column":14}}],"line":70},"1":{"loc":{"start":{"line":72,"column":8},"end":{"line":77,"column":9}},"type":"if","locations":[{"start":{"line":72,"column":8},"end":{"line":77,"column":9}},{"start":{"line":72,"column":8},"end":{"line":77,"column":9}}],"line":72},"2":{"loc":{"start":{"line":80,"column":8},"end":{"line":85,"column":9}},"type":"if","locations":[{"start":{"line":80,"column":8},"end":{"line":85,"column":9}},{"start":{"line":80,"column":8},"end":{"line":85,"column":9}}],"line":80},"3":{"loc":{"start":{"line":88,"column":8},"end":{"line":93,"column":9}},"type":"if","locations":[{"start":{"line":88,"column":8},"end":{"line":93,"column":9}},{"start":{"line":88,"column":8},"end":{"line":93,"column":9}}],"line":88},"4":{"loc":{"start":{"line":96,"column":8},"end":{"line":101,"column":9}},"type":"if","locations":[{"start":{"line":96,"column":8},"end":{"line":101,"column":9}},{"start":{"line":96,"column":8},"end":{"line":101,"column":9}}],"line":96},"5":{"loc":{"start":{"line":104,"column":8},"end":{"line":109,"column":9}},"type":"if","locations":[{"start":{"line":104,"column":8},"end":{"line":109,"column":9}},{"start":{"line":104,"column":8},"end":{"line":109,"column":9}}],"line":104},"6":{"loc":{"start":{"line":112,"column":8},"end":{"line":117,"column":9}},"type":"if","locations":[{"start":{"line":112,"column":8},"end":{"line":117,"column":9}},{"start":{"line":112,"column":8},"end":{"line":117,"column":9}}],"line":112}},"s":{"0":0,"1":0,"2":0,"3":0,"4":0,"5":0,"6":0,"7":0,"8":0,"9":0,"10":0,"11":0,"12":0,"13":0,"14":0,"15":0,"16":0,"17":0,"18":0,"19":0,"20":0,"21":0,"22":0,"23":0,"24":0,"25":0,"26":0,"27":0,"28":0,"29":0,"30":0,"31":0,"32":0,"33":0,"34":0,"35":0,"36":0,"37":0,"38":0,"39":0,"40":0,"41":0,"42":0,"43":0,"44":0,"45":0,"46":0,"47":0,"48":0,"49":0,"50":0,"51":0,"52":0,"53":0,"54":0,"55":0,"56":0,"57":0,"58":0,"59":0},"f":{"0":0,"1":0,"2":0,"3":0,"4":0,"5":0,"6":0,"7":0,"8":0,"9":0,"10":0,"11":0,"12":0,"13":0,"14":0,"15":0,"16":0,"17":0,"18":0,"19":0,"20":0,"21":0},"b":{"0":[0,0,0,0,0,0,0],"1":[0,0],"2":[0,0],"3":[0,0],"4":[0,0],"5":[0,0],"6":[0,0]}}
,"C:\\Users\\Valentin\\Desktop\\FitGive\\src\\views\\TableList\\TableList.js": {"path":"C:\\Users\\Valentin\\Desktop\\FitGive\\src\\views\\TableList\\TableList.js","statementMap":{"0":{"start":{"line":12,"column":15},"end":{"line":40,"column":1}},"1":{"start":{"line":42,"column":18},"end":{"line":42,"column":36}},"2":{"start":{"line":45,"column":18},"end":{"line":45,"column":29}},"3":{"start":{"line":46,"column":2},"end":{"line":111,"column":4}}},"fnMap":{"0":{"name":"TableList","decl":{"start":{"line":44,"column":24},"end":{"line":44,"column":33}},"loc":{"start":{"line":44,"column":36},"end":{"line":112,"column":1}},"line":44}},"branchMap":{},"s":{"0":0,"1":0,"2":0,"3":0},"f":{"0":0},"b":{}}
,"C:\\Users\\Valentin\\Desktop\\FitGive\\src\\views\\Typography\\Typography.js": {"path":"C:\\Users\\Valentin\\Desktop\\FitGive\\src\\views\\Typography\\Typography.js","statementMap":{"0":{"start":{"line":16,"column":15},"end":{"line":51,"column":1}},"1":{"start":{"line":53,"column":18},"end":{"line":53,"column":36}},"2":{"start":{"line":56,"column":18},"end":{"line":56,"column":29}},"3":{"start":{"line":57,"column":2},"end":{"line":161,"column":4}}},"fnMap":{"0":{"name":"TypographyPage","decl":{"start":{"line":55,"column":24},"end":{"line":55,"column":38}},"loc":{"start":{"line":55,"column":41},"end":{"line":162,"column":1}},"line":55}},"branchMap":{},"s":{"0":0,"1":0,"2":0,"3":0},"f":{"0":0},"b":{}}
,"C:\\Users\\Valentin\\Desktop\\FitGive\\src\\views\\UpgradeToPro\\UpgradeToPro.js": {"path":"C:\\Users\\Valentin\\Desktop\\FitGive\\src\\views\\UpgradeToPro\\UpgradeToPro.js","statementMap":{"0":{"start":{"line":17,"column":15},"end":{"line":82,"column":1}},"1":{"start":{"line":84,"column":18},"end":{"line":84,"column":36}},"2":{"start":{"line":87,"column":18},"end":{"line":87,"column":29}},"3":{"start":{"line":88,"column":2},"end":{"line":211,"column":4}}},"fnMap":{"0":{"name":"UpgradeToPro","decl":{"start":{"line":86,"column":24},"end":{"line":86,"column":36}},"loc":{"start":{"line":86,"column":39},"end":{"line":212,"column":1}},"line":86}},"branchMap":{},"s":{"0":0,"1":0,"2":0,"3":0},"f":{"0":0},"b":{}}
,"C:\\Users\\Valentin\\Desktop\\FitGive\\src\\views\\UserProfile\\UserProfile.js": {"path":"C:\\Users\\Valentin\\Desktop\\FitGive\\src\\views\\UserProfile\\UserProfile.js","statementMap":{"0":{"start":{"line":18,"column":15},"end":{"line":35,"column":1}},"1":{"start":{"line":37,"column":18},"end":{"line":37,"column":36}},"2":{"start":{"line":40,"column":18},"end":{"line":40,"column":29}},"3":{"start":{"line":41,"column":2},"end":{"line":177,"column":4}},"4":{"start":{"line":157,"column":45},"end":{"line":157,"column":63}}},"fnMap":{"0":{"name":"UserProfile","decl":{"start":{"line":39,"column":24},"end":{"line":39,"column":35}},"loc":{"start":{"line":39,"column":38},"end":{"line":178,"column":1}},"line":39},"1":{"name":"(anonymous_1)","decl":{"start":{"line":157,"column":40},"end":{"line":157,"column":41}},"loc":{"start":{"line":157,"column":45},"end":{"line":157,"column":63}},"line":157}},"branchMap":{},"s":{"0":0,"1":0,"2":0,"3":0,"4":0},"f":{"0":0,"1":0},"b":{}}
}
