TN:
SF:src\firebase.js
FNF:0
FNH:0
DA:6,4
DA:21,4
DA:22,4
LF:3
LH:3
BRF:0
BRH:0
end_of_record
TN:
SF:src\index.js
FNF:0
FNH:0
DA:18,0
DA:20,0
LF:2
LH:0
BRF:0
BRH:0
end_of_record
TN:
SF:src\privateRoute.js
FN:5,privateRoute
FN:12,(anonymous_1)
FNF:2
FNH:0
FNDA:0,privateRoute
FNDA:0,(anonymous_1)
DA:7,0
DA:9,0
DA:13,0
LF:3
LH:0
BRDA:13,0,0,0
BRDA:13,0,1,0
BRF:2
BRH:0
end_of_record
TN:
SF:src\routes.js
FNF:0
FNH:0
DA:11,0
LF:1
LH:0
BRF:0
BRH:0
end_of_record
TN:
SF:src\assets\jss\material-dashboard-react.js
FN:8,(anonymous_0)
FNF:1
FNH:1
FNDA:544,(anonymous_0)
DA:8,9
DA:9,544
DA:10,544
DA:11,544
DA:12,544
DA:13,0
DA:15,544
DA:16,245
DA:17,245
DA:18,245
DA:19,245
DA:21,544
DA:22,544
DA:23,544
DA:24,544
DA:25,544
DA:38,9
DA:40,9
DA:44,9
DA:51,9
DA:57,9
DA:58,9
DA:59,9
DA:60,9
DA:61,9
DA:62,9
DA:63,9
DA:77,9
DA:78,9
DA:79,9
DA:81,9
DA:92,9
DA:100,9
DA:108,9
DA:116,9
DA:124,9
DA:132,9
DA:141,9
DA:146,9
DA:151,9
DA:156,9
DA:161,9
DA:165,9
DA:171,9
DA:179,9
DA:185,9
DA:196,9
DA:211,9
DA:226,9
DA:239,9
DA:243,9
LF:51
LH:50
BRDA:12,0,0,0
BRDA:12,0,1,544
BRDA:12,1,0,544
BRDA:12,1,1,544
BRDA:12,1,2,299
BRDA:15,2,0,245
BRDA:15,2,1,299
BRF:7
BRH:6
end_of_record
TN:
SF:src\assets\jss\material-dashboard-react\cardImagesStyles.js
FNF:0
FNH:0
DA:1,0
LF:1
LH:0
BRF:0
BRH:0
end_of_record
TN:
SF:src\assets\jss\material-dashboard-react\checkboxAdnRadioStyle.js
FNF:0
FNH:0
DA:7,0
LF:1
LH:0
BRF:0
BRH:0
end_of_record
TN:
SF:src\assets\jss\material-dashboard-react\dropdownStyle.js
FN:11,(anonymous_0)
FNF:1
FNH:0
FNDA:0,(anonymous_0)
DA:11,0
LF:1
LH:0
BRF:0
BRH:0
end_of_record
TN:
SF:src\assets\jss\material-dashboard-react\tooltipStyle.js
FNF:0
FNH:0
DA:3,0
LF:1
LH:0
BRF:0
BRH:0
end_of_record
TN:
SF:src\assets\jss\material-dashboard-react\components\buttonStyle.js
FNF:0
FNH:0
DA:15,7
LF:1
LH:1
BRF:0
BRH:0
end_of_record
TN:
SF:src\assets\jss\material-dashboard-react\components\cardAvatarStyle.js
FNF:0
FNH:0
DA:3,2
LF:1
LH:1
BRF:0
BRH:0
end_of_record
TN:
SF:src\assets\jss\material-dashboard-react\components\cardBodyStyle.js
FNF:0
FNH:0
DA:1,5
LF:1
LH:1
BRF:0
BRH:0
end_of_record
TN:
SF:src\assets\jss\material-dashboard-react\components\cardFooterStyle.js
FNF:0
FNH:0
DA:3,3
LF:1
LH:1
BRF:0
BRH:0
end_of_record
TN:
SF:src\assets\jss\material-dashboard-react\components\cardHeaderStyle.js
FNF:0
FNH:0
DA:11,5
LF:1
LH:1
BRF:0
BRH:0
end_of_record
TN:
SF:src\assets\jss\material-dashboard-react\components\cardIconStyle.js
FNF:0
FNH:0
DA:11,2
LF:1
LH:1
BRF:0
BRH:0
end_of_record
TN:
SF:src\assets\jss\material-dashboard-react\components\cardStyle.js
FNF:0
FNH:0
DA:7,6
LF:1
LH:1
BRF:0
BRH:0
end_of_record
TN:
SF:src\assets\jss\material-dashboard-react\components\customInputStyle.js
FNF:0
FNH:0
DA:9,0
LF:1
LH:0
BRF:0
BRH:0
end_of_record
TN:
SF:src\assets\jss\material-dashboard-react\components\customTabsStyle.js
FNF:0
FNH:0
DA:3,0
LF:1
LH:0
BRF:0
BRH:0
end_of_record
TN:
SF:src\assets\jss\material-dashboard-react\components\footerStyle.js
FNF:0
FNH:0
DA:8,0
LF:1
LH:0
BRF:0
BRH:0
end_of_record
TN:
SF:src\assets\jss\material-dashboard-react\components\headerLinksStyle.js
FN:9,(anonymous_0)
FNF:1
FNH:0
FNDA:0,(anonymous_0)
DA:9,0
LF:1
LH:0
BRF:0
BRH:0
end_of_record
TN:
SF:src\assets\jss\material-dashboard-react\components\headerStyle.js
FN:14,(anonymous_0)
FNF:1
FNH:0
FNDA:0,(anonymous_0)
DA:14,0
LF:1
LH:0
BRF:0
BRH:0
end_of_record
TN:
SF:src\assets\jss\material-dashboard-react\components\sidebarStyle.js
FN:18,(anonymous_0)
FNF:1
FNH:0
FNDA:0,(anonymous_0)
DA:18,0
LF:1
LH:0
BRF:0
BRH:0
end_of_record
TN:
SF:src\assets\jss\material-dashboard-react\components\snackbarContentStyle.js
FNF:0
FNH:0
DA:21,2
LF:1
LH:1
BRF:0
BRH:0
end_of_record
TN:
SF:src\assets\jss\material-dashboard-react\components\tableStyle.js
FN:12,(anonymous_0)
FNF:1
FNH:0
FNDA:0,(anonymous_0)
DA:12,0
LF:1
LH:0
BRF:0
BRH:0
end_of_record
TN:
SF:src\assets\jss\material-dashboard-react\components\tasksStyle.js
FNF:0
FNH:0
DA:9,0
LF:1
LH:0
BRF:0
BRH:0
end_of_record
TN:
SF:src\assets\jss\material-dashboard-react\components\typographyStyle.js
FNF:0
FNH:0
DA:11,0
LF:1
LH:0
BRF:0
BRH:0
end_of_record
TN:
SF:src\assets\jss\material-dashboard-react\layouts\adminStyle.js
FN:7,(anonymous_0)
FNF:1
FNH:0
FNDA:0,(anonymous_0)
DA:7,0
LF:1
LH:0
BRF:0
BRH:0
end_of_record
TN:
SF:src\assets\jss\material-dashboard-react\layouts\rtlStyle.js
FN:7,(anonymous_0)
FNF:1
FNH:0
FNDA:0,(anonymous_0)
DA:7,0
LF:1
LH:0
BRF:0
BRH:0
end_of_record
TN:
SF:src\assets\jss\material-dashboard-react\views\dashboardStyle.js
FNF:0
FNH:0
DA:8,4
LF:1
LH:1
BRF:0
BRH:0
end_of_record
TN:
SF:src\assets\jss\material-dashboard-react\views\iconsStyle.js
FNF:0
FNH:0
DA:8,0
LF:1
LH:0
BRF:0
BRH:0
end_of_record
TN:
SF:src\components\Card\Card.js
FN:15,Card
FNF:1
FNH:0
FNDA:0,Card
DA:13,6
DA:16,0
DA:17,0
DA:18,0
DA:25,0
DA:32,6
LF:6
LH:2
BRF:0
BRH:0
end_of_record
TN:
SF:src\components\Card\CardAvatar.js
FN:15,CardAvatar
FNF:1
FNH:0
FNDA:0,CardAvatar
DA:13,2
DA:16,0
DA:17,0
DA:18,0
DA:24,0
DA:31,2
LF:6
LH:2
BRF:0
BRH:0
end_of_record
TN:
SF:src\components\Card\CardBody.js
FN:15,CardBody
FNF:1
FNH:0
FNDA:0,CardBody
DA:13,5
DA:16,0
DA:17,0
DA:18,0
DA:24,0
DA:31,5
LF:6
LH:2
BRF:0
BRH:0
end_of_record
TN:
SF:src\components\Card\CardFooter.js
FN:15,CardFooter
FNF:1
FNH:0
FNDA:0,CardFooter
DA:13,3
DA:16,0
DA:17,0
DA:18,0
DA:26,0
DA:33,3
LF:6
LH:2
BRF:0
BRH:0
end_of_record
TN:
SF:src\components\Card\CardHeader.js
FN:15,CardHeader
FNF:1
FNH:0
FNDA:0,CardHeader
DA:13,5
DA:16,0
DA:17,0
DA:18,0
DA:26,0
DA:33,5
LF:6
LH:2
BRF:0
BRH:0
end_of_record
TN:
SF:src\components\Card\CardIcon.js
FN:15,CardIcon
FNF:1
FNH:0
FNDA:0,CardIcon
DA:13,2
DA:16,0
DA:17,0
DA:18,0
DA:23,0
DA:30,2
LF:6
LH:2
BRF:0
BRH:0
end_of_record
TN:
SF:src\components\Carousel\CustomCarousel.js
FN:5,CustomCarousel
FN:25,(anonymous_1)
FN:31,Item
FNF:3
FNH:0
FNDA:0,CustomCarousel
FNDA:0,(anonymous_1)
FNDA:0,Item
DA:7,0
DA:22,0
DA:25,0
DA:33,0
LF:4
LH:0
BRF:0
BRH:0
end_of_record
TN:
SF:src\components\CustomButtons\Button.js
FN:15,RegularButton
FNF:1
FNH:0
FNDA:0,RegularButton
DA:13,7
DA:16,0
DA:30,0
DA:31,0
DA:43,0
DA:50,7
LF:6
LH:2
BRF:0
BRH:0
end_of_record
TN:
SF:src\components\CustomCards\ChallengeCard\ChallengeCard.js
FN:15,ChallengeCard
FNF:1
FNH:0
FNDA:0,ChallengeCard
DA:13,0
DA:16,0
DA:17,0
LF:3
LH:0
BRF:0
BRH:0
end_of_record
TN:
SF:src\components\CustomCards\ChartCard\ChartCard.js
FN:23,ChartCard
FNF:1
FNH:1
FNDA:12,ChartCard
DA:21,2
DA:24,12
DA:25,12
DA:52,2
LF:4
LH:4
BRF:0
BRH:0
end_of_record
TN:
SF:src\components\CustomCards\ProfileCard\ProfileCard.js
FN:18,ProfileCard
FNF:1
FNH:1
FNDA:6,ProfileCard
DA:16,2
DA:19,6
DA:20,6
LF:3
LH:3
BRF:0
BRH:0
end_of_record
TN:
SF:src\components\CustomCards\StatCard\StatCard.js
FN:16,StatCard
FN:33,(anonymous_1)
FNF:2
FNH:1
FNDA:14,StatCard
FNDA:0,(anonymous_1)
DA:14,2
DA:17,14
DA:18,14
DA:33,0
LF:4
LH:3
BRF:0
BRH:0
end_of_record
TN:
SF:src\components\CustomInput\CustomInput.js
FN:17,CustomInput
FNF:1
FNH:0
FNDA:0,CustomInput
DA:15,0
DA:18,0
DA:27,0
DA:29,0
DA:33,0
DA:38,0
DA:41,0
DA:73,0
LF:8
LH:0
BRDA:31,0,0,0
BRDA:31,0,1,0
BRDA:35,1,0,0
BRDA:35,1,1,0
BRDA:46,2,0,0
BRDA:46,2,1,0
BRDA:64,3,0,0
BRDA:64,3,1,0
BRDA:66,4,0,0
BRDA:66,4,1,0
BRF:10
BRH:0
end_of_record
TN:
SF:src\components\CustomTabs\CustomTabs.js
FN:20,CustomTabs
FN:22,(anonymous_1)
FN:45,(anonymous_2)
FN:68,(anonymous_3)
FNF:4
FNH:0
FNDA:0,CustomTabs
FNDA:0,(anonymous_1)
FNDA:0,(anonymous_2)
FNDA:0,(anonymous_3)
DA:18,0
DA:21,0
DA:22,0
DA:23,0
DA:25,0
DA:26,0
DA:27,0
DA:30,0
DA:46,0
DA:47,0
DA:48,0
DA:52,0
DA:69,0
DA:70,0
DA:72,0
DA:79,0
LF:16
LH:0
BRDA:33,0,0,0
BRDA:33,0,1,0
BRDA:47,1,0,0
BRDA:47,1,1,0
BRDA:69,2,0,0
BRDA:69,2,1,0
BRF:6
BRH:0
end_of_record
TN:
SF:src\components\FixedPlugin\FixedPlugin.js
FN:10,FixedPlugin
FN:11,(anonymous_1)
FN:32,(anonymous_2)
FN:43,(anonymous_3)
FN:54,(anonymous_4)
FN:65,(anonymous_5)
FN:76,(anonymous_6)
FNF:7
FNH:0
FNDA:0,FixedPlugin
FNDA:0,(anonymous_1)
FNDA:0,(anonymous_2)
FNDA:0,(anonymous_3)
FNDA:0,(anonymous_4)
FNDA:0,(anonymous_5)
FNDA:0,(anonymous_6)
DA:11,0
DA:12,0
DA:14,0
DA:33,0
DA:44,0
DA:55,0
DA:66,0
DA:77,0
DA:89,0
LF:9
LH:0
BRDA:27,0,0,0
BRDA:27,0,1,0
BRDA:38,1,0,0
BRDA:38,1,1,0
BRDA:49,2,0,0
BRDA:49,2,1,0
BRDA:60,3,0,0
BRDA:60,3,1,0
BRDA:71,4,0,0
BRDA:71,4,1,0
BRF:10
BRH:0
end_of_record
TN:
SF:src\components\Footer\Footer.js
FN:13,Footer
FNF:1
FNH:0
FNDA:0,Footer
DA:11,0
DA:14,0
DA:15,0
LF:3
LH:0
BRF:0
BRH:0
end_of_record
TN:
SF:src\components\FriendsCards\CardFriends.js
FN:64,CardFriends
FNF:1
FNH:1
FNDA:16,CardFriends
DA:19,2
DA:62,2
DA:66,16
DA:68,16
DA:95,2
LF:5
LH:5
BRF:0
BRH:0
end_of_record
TN:
SF:src\components\Grid\GridContainer.js
FN:17,GridContainer
FNF:1
FNH:0
FNDA:0,GridContainer
DA:8,2
DA:15,2
DA:18,0
DA:19,0
DA:20,0
DA:27,2
LF:6
LH:3
BRF:0
BRH:0
end_of_record
TN:
SF:src\components\Grid\GridItem.js
FN:16,GridItem
FNF:1
FNH:0
FNDA:0,GridItem
DA:8,2
DA:14,2
DA:17,0
DA:18,0
DA:19,0
DA:26,2
LF:6
LH:3
BRF:0
BRH:0
end_of_record
TN:
SF:src\components\Lists\ChallengeList.js
FN:8,(anonymous_0)
FN:20,AlignItemsList
FN:27,(anonymous_2)
FNF:3
FNH:0
FNDA:0,(anonymous_0)
FNDA:0,AlignItemsList
FNDA:0,(anonymous_2)
DA:8,0
DA:21,0
DA:23,0
DA:25,0
DA:28,0
LF:5
LH:0
BRF:0
BRH:0
end_of_record
TN:
SF:src\components\Lists\ListFriendsList.js
FN:15,(anonymous_0)
FN:31,AlignItemsList
FN:38,(anonymous_2)
FNF:3
FNH:0
FNDA:0,(anonymous_0)
FNDA:0,AlignItemsList
FNDA:0,(anonymous_2)
DA:15,1
DA:32,0
DA:34,0
DA:36,0
DA:39,0
LF:5
LH:1
BRF:0
BRH:0
end_of_record
TN:
SF:src\components\Navbars\AdminNavbarLinks.js
FN:26,AdminNavbarLinks
FN:34,(anonymous_1)
FN:41,(anonymous_2)
FN:44,(anonymous_3)
FN:52,handleLogout
FN:67,(anonymous_5)
FN:103,(anonymous_6)
FN:154,(anonymous_7)
FNF:8
FNH:0
FNDA:0,AdminNavbarLinks
FNDA:0,(anonymous_1)
FNDA:0,(anonymous_2)
FNDA:0,(anonymous_3)
FNDA:0,handleLogout
FNDA:0,(anonymous_5)
FNDA:0,(anonymous_6)
FNDA:0,(anonymous_7)
DA:24,0
DA:27,0
DA:28,0
DA:29,0
DA:30,0
DA:31,0
DA:32,0
DA:33,0
DA:34,0
DA:35,0
DA:36,0
DA:38,0
DA:41,0
DA:42,0
DA:44,0
DA:45,0
DA:46,0
DA:48,0
DA:53,0
DA:54,0
DA:55,0
DA:56,0
DA:57,0
DA:58,0
DA:59,0
DA:60,0
DA:62,0
DA:63,0
DA:67,0
DA:68,0
DA:71,0
DA:104,0
DA:155,0
LF:33
LH:0
BRDA:35,0,0,0
BRDA:35,0,1,0
BRDA:35,1,0,0
BRDA:35,1,1,0
BRDA:45,2,0,0
BRDA:45,2,1,0
BRDA:45,3,0,0
BRDA:45,3,1,0
BRDA:73,4,0,0
BRDA:73,4,1,0
BRDA:76,5,0,0
BRDA:76,5,1,0
BRDA:79,6,0,0
BRDA:79,6,1,0
BRDA:109,7,0,0
BRDA:109,7,1,0
BRDA:130,8,0,0
BRDA:130,8,1,0
BRDA:133,9,0,0
BRDA:133,9,1,0
BRDA:160,10,0,0
BRDA:160,10,1,0
BRF:22
BRH:0
end_of_record
TN:
SF:src\components\Navbars\Navbar.js
FN:20,Header
FN:22,makeBrand
FN:24,(anonymous_2)
FNF:3
FNH:0
FNDA:0,Header
FNDA:0,makeBrand
FNDA:0,(anonymous_2)
DA:18,0
DA:21,0
DA:24,0
DA:25,0
DA:26,0
DA:28,0
DA:30,0
DA:32,0
DA:33,0
DA:36,0
DA:62,0
LF:11
LH:0
BRDA:25,0,0,0
BRDA:25,0,1,0
BRF:2
BRH:0
end_of_record
TN:
SF:src\components\ProfileAvatar\ProfileAvatar.js
FN:8,(anonymous_0)
FN:15,ProfileAvatar
FNF:2
FNH:0
FNDA:0,(anonymous_0)
FNDA:0,ProfileAvatar
DA:8,2
DA:16,0
DA:17,0
LF:3
LH:1
BRF:0
BRH:0
end_of_record
TN:
SF:src\components\Sidebar\Sidebar.js
FN:21,Sidebar
FN:24,activeRoute
FN:30,(anonymous_2)
FNF:3
FNH:0
FNDA:0,Sidebar
FNDA:0,activeRoute
FNDA:0,(anonymous_2)
DA:19,0
DA:22,0
DA:25,0
DA:27,0
DA:29,0
DA:31,0
DA:33,0
DA:34,0
DA:35,0
DA:39,0
DA:43,0
DA:46,0
DA:77,0
DA:85,0
DA:124,0
LF:15
LH:0
BRDA:25,0,0,0
BRDA:25,0,1,0
BRDA:33,1,0,0
BRDA:33,1,1,0
BRDA:54,2,0,0
BRDA:54,2,1,0
BRF:6
BRH:0
end_of_record
TN:
SF:src\components\Snackbar\Snackbar.js
FN:15,Snackbar
FN:29,(anonymous_1)
FNF:2
FNH:0
FNDA:0,Snackbar
FNDA:0,(anonymous_1)
DA:13,2
DA:16,0
DA:17,0
DA:18,0
DA:19,0
DA:22,0
DA:23,0
DA:29,0
DA:35,0
DA:64,2
LF:10
LH:2
BRDA:22,0,0,0
BRDA:22,0,1,0
BRDA:38,1,0,0
BRDA:38,1,1,0
BRDA:40,2,0,0
BRDA:40,2,1,0
BRDA:42,3,0,0
BRDA:42,3,1,0
BRDA:49,4,0,0
BRDA:49,4,1,0
BRF:10
BRH:0
end_of_record
TN:
SF:src\components\Snackbar\SnackbarContent.js
FN:15,SnackbarContent
FNF:1
FNH:0
FNDA:0,SnackbarContent
DA:13,2
DA:16,0
DA:17,0
DA:18,0
DA:19,0
DA:22,0
DA:23,0
DA:34,0
DA:51,2
LF:9
LH:2
BRDA:22,0,0,0
BRDA:22,0,1,0
BRDA:38,1,0,0
BRDA:38,1,1,0
BRF:4
BRH:0
end_of_record
TN:
SF:src\components\Table\Table.js
FN:15,CustomTable
FN:24,(anonymous_1)
FN:38,(anonymous_2)
FN:41,(anonymous_3)
FNF:4
FNH:0
FNDA:0,CustomTable
FNDA:0,(anonymous_1)
FNDA:0,(anonymous_2)
FNDA:0,(anonymous_3)
DA:13,0
DA:16,0
DA:17,0
DA:18,0
DA:25,0
DA:39,0
DA:42,0
DA:57,0
DA:61,0
LF:9
LH:0
BRDA:21,0,0,0
BRDA:21,0,1,0
BRF:2
BRH:0
end_of_record
TN:
SF:src\components\Tasks\Tasks.js
FN:21,Tasks
FN:24,(anonymous_1)
FN:39,(anonymous_2)
FN:45,(anonymous_3)
FNF:4
FNH:0
FNDA:0,Tasks
FNDA:0,(anonymous_1)
FNDA:0,(anonymous_2)
FNDA:0,(anonymous_3)
DA:19,0
DA:22,0
DA:23,0
DA:24,0
DA:25,0
DA:26,0
DA:27,0
DA:28,0
DA:30,0
DA:32,0
DA:34,0
DA:35,0
DA:36,0
DA:40,0
DA:45,0
DA:98,0
LF:16
LH:0
BRDA:27,0,0,0
BRDA:27,0,1,0
BRF:2
BRH:0
end_of_record
TN:
SF:src\components\Typography\Danger.js
FN:10,Danger
FNF:1
FNH:0
FNDA:0,Danger
DA:8,0
DA:11,0
DA:12,0
DA:13,0
DA:20,0
LF:5
LH:0
BRF:0
BRH:0
end_of_record
TN:
SF:src\components\Typography\Info.js
FN:10,Info
FNF:1
FNH:0
FNDA:0,Info
DA:8,0
DA:11,0
DA:12,0
DA:13,0
DA:20,0
LF:5
LH:0
BRF:0
BRH:0
end_of_record
TN:
SF:src\components\Typography\Muted.js
FN:10,Muted
FNF:1
FNH:0
FNDA:0,Muted
DA:8,0
DA:11,0
DA:12,0
DA:13,0
DA:20,0
LF:5
LH:0
BRF:0
BRH:0
end_of_record
TN:
SF:src\components\Typography\Primary.js
FN:10,Primary
FNF:1
FNH:0
FNDA:0,Primary
DA:8,0
DA:11,0
DA:12,0
DA:13,0
DA:20,0
LF:5
LH:0
BRF:0
BRH:0
end_of_record
TN:
SF:src\components\Typography\Quote.js
FN:10,Quote
FNF:1
FNH:0
FNDA:0,Quote
DA:8,0
DA:11,0
DA:12,0
DA:13,0
DA:21,0
LF:5
LH:0
BRF:0
BRH:0
end_of_record
TN:
SF:src\components\Typography\Success.js
FN:10,Success
FNF:1
FNH:0
FNDA:0,Success
DA:8,0
DA:11,0
DA:12,0
DA:13,0
DA:20,0
LF:5
LH:0
BRF:0
BRH:0
end_of_record
TN:
SF:src\components\Typography\Warning.js
FN:10,Warning
FNF:1
FNH:0
FNDA:0,Warning
DA:8,0
DA:11,0
DA:12,0
DA:13,0
DA:20,0
LF:5
LH:0
BRF:0
BRH:0
end_of_record
TN:
SF:src\context\authContext.js
FN:6,useAuth
FN:10,AuthProvider
FN:15,signup
FN:16,(anonymous_3)
FN:28,signin
FN:32,logout
FN:36,resetPassword
FN:40,getUserInfo
FN:44,(anonymous_8)
FN:47,(anonymous_9)
FN:55,(anonymous_10)
FN:57,(anonymous_11)
FNF:12
FNH:0
FNDA:0,useAuth
FNDA:0,AuthProvider
FNDA:0,signup
FNDA:0,(anonymous_3)
FNDA:0,signin
FNDA:0,logout
FNDA:0,resetPassword
FNDA:0,getUserInfo
FNDA:0,(anonymous_8)
FNDA:0,(anonymous_9)
FNDA:0,(anonymous_10)
FNDA:0,(anonymous_11)
DA:4,4
DA:7,0
DA:11,0
DA:12,0
DA:13,0
DA:16,0
DA:17,0
DA:18,0
DA:25,0
DA:29,0
DA:33,0
DA:37,0
DA:41,0
DA:42,0
DA:45,0
DA:48,0
DA:55,0
DA:56,0
DA:57,0
DA:58,0
DA:59,0
DA:60,0
DA:63,0
DA:67,0
DA:75,0
LF:25
LH:1
BRDA:41,0,0,0
BRDA:41,0,1,0
BRDA:77,1,0,0
BRDA:77,1,1,0
BRF:4
BRH:0
end_of_record
TN:
SF:src\layouts\Admin.js
FN:24,(anonymous_0)
FN:42,Admin
FN:51,(anonymous_2)
FN:54,(anonymous_3)
FN:61,(anonymous_4)
FN:64,(anonymous_5)
FN:67,(anonymous_6)
FN:73,(anonymous_7)
FN:83,cleanup
FNF:9
FNH:0
FNDA:0,(anonymous_0)
FNDA:0,Admin
FNDA:0,(anonymous_2)
FNDA:0,(anonymous_3)
FNDA:0,(anonymous_4)
FNDA:0,(anonymous_5)
FNDA:0,(anonymous_6)
FNDA:0,(anonymous_7)
FNDA:0,cleanup
DA:23,0
DA:25,0
DA:26,0
DA:34,0
DA:40,0
DA:44,0
DA:46,0
DA:48,0
DA:49,0
DA:50,0
DA:51,0
DA:52,0
DA:54,0
DA:55,0
DA:56,0
DA:58,0
DA:61,0
DA:62,0
DA:64,0
DA:65,0
DA:67,0
DA:68,0
DA:69,0
DA:73,0
DA:74,0
DA:75,0
DA:79,0
DA:81,0
DA:83,0
DA:84,0
DA:85,0
DA:87,0
DA:90,0
LF:33
LH:0
BRDA:25,0,0,0
BRDA:25,0,1,0
BRDA:55,1,0,0
BRDA:55,1,1,0
BRDA:68,2,0,0
BRDA:68,2,1,0
BRDA:74,3,0,0
BRDA:74,3,1,0
BRDA:84,4,0,0
BRDA:84,4,1,0
BRDA:107,5,0,0
BRDA:107,5,1,0
BRDA:115,6,0,0
BRDA:115,6,1,0
BRF:14
BRH:0
end_of_record
TN:
SF:src\layouts\Home.js
FN:9,Home
FNF:1
FNH:0
FNDA:0,Home
DA:10,0
LF:1
LH:0
BRF:0
BRH:0
end_of_record
TN:
SF:src\layouts\ForgotPassword\ForgotPassword.js
FN:17,(anonymous_0)
FN:51,Copyright
FN:65,ForgotPassword
FN:74,handleSubmit
FNF:4
FNH:2
FNDA:1,(anonymous_0)
FNDA:0,Copyright
FNDA:8,ForgotPassword
FNDA:0,handleSubmit
DA:17,1
DA:52,0
DA:53,0
DA:66,8
DA:67,8
DA:68,8
DA:69,8
DA:70,8
DA:71,8
DA:72,8
DA:75,0
DA:77,0
DA:78,0
DA:79,0
DA:80,0
DA:81,0
DA:82,0
DA:83,0
DA:86,0
DA:91,8
LF:20
LH:9
BRDA:101,0,0,8
BRDA:101,0,1,0
BRDA:102,1,0,8
BRDA:102,1,1,0
BRF:4
BRH:2
end_of_record
TN:
SF:src\layouts\SignIn\SignIn.js
FN:17,(anonymous_0)
FN:51,Copyright
FN:65,Signin
FN:74,handleSubmit
FNF:4
FNH:2
FNDA:1,(anonymous_0)
FNDA:0,Copyright
FNDA:10,Signin
FNDA:0,handleSubmit
DA:17,1
DA:52,0
DA:53,0
DA:66,10
DA:67,10
DA:68,10
DA:69,10
DA:70,10
DA:71,10
DA:72,10
DA:75,0
DA:77,0
DA:78,0
DA:79,0
DA:80,0
DA:81,0
DA:82,0
DA:84,0
DA:85,0
DA:89,10
LF:20
LH:9
BRDA:99,0,0,10
BRDA:99,0,1,0
BRF:2
BRH:1
end_of_record
TN:
SF:src\layouts\SignUp\SignUp.js
FN:17,(anonymous_0)
FN:51,Copyright
FN:65,SignUp
FN:78,handleSubmit
FNF:4
FNH:2
FNDA:1,(anonymous_0)
FNDA:0,Copyright
FNDA:10,SignUp
FNDA:0,handleSubmit
DA:17,1
DA:52,0
DA:53,0
DA:66,10
DA:67,10
DA:68,10
DA:69,10
DA:70,10
DA:71,10
DA:72,10
DA:73,10
DA:74,10
DA:75,10
DA:79,0
DA:81,0
DA:83,0
DA:86,0
DA:87,0
DA:88,0
DA:89,0
DA:90,0
DA:91,0
DA:93,0
DA:94,0
DA:98,10
LF:25
LH:12
BRDA:81,0,0,0
BRDA:81,0,1,0
BRDA:108,1,0,10
BRDA:108,1,1,0
BRF:4
BRH:1
end_of_record
TN:
SF:src\variables\charts.js
FN:39,(anonymous_0)
FN:110,(anonymous_1)
FN:118,(anonymous_2)
FN:157,(anonymous_3)
FN:223,(anonymous_4)
FN:231,(anonymous_5)
FN:284,(anonymous_6)
FN:292,(anonymous_7)
FN:344,(anonymous_8)
FN:410,(anonymous_9)
FNF:10
FNH:0
FNDA:0,(anonymous_0)
FNDA:0,(anonymous_1)
FNDA:0,(anonymous_2)
FNDA:0,(anonymous_3)
FNDA:0,(anonymous_4)
FNDA:0,(anonymous_5)
FNDA:0,(anonymous_6)
FNDA:0,(anonymous_7)
FNDA:0,(anonymous_8)
FNDA:0,(anonymous_9)
DA:4,2
DA:5,2
DA:10,2
DA:11,2
DA:12,2
DA:13,2
DA:19,2
DA:40,0
DA:41,0
DA:54,0
DA:55,0
DA:73,2
DA:111,0
DA:119,0
DA:120,0
DA:138,2
DA:158,0
DA:159,0
DA:172,0
DA:173,0
DA:191,2
DA:224,0
DA:232,0
DA:233,0
DA:252,2
DA:285,0
DA:293,0
DA:294,0
DA:312,2
DA:345,0
DA:346,0
DA:359,0
DA:360,0
DA:378,2
DA:411,0
DA:412,0
DA:425,0
DA:426,0
DA:440,2
LF:39
LH:14
BRDA:40,0,0,0
BRDA:40,0,1,0
BRDA:40,1,0,0
BRDA:40,1,1,0
BRDA:54,2,0,0
BRDA:54,2,1,0
BRDA:119,3,0,0
BRDA:119,3,1,0
BRDA:158,4,0,0
BRDA:158,4,1,0
BRDA:158,5,0,0
BRDA:158,5,1,0
BRDA:172,6,0,0
BRDA:172,6,1,0
BRDA:232,7,0,0
BRDA:232,7,1,0
BRDA:293,8,0,0
BRDA:293,8,1,0
BRDA:345,9,0,0
BRDA:345,9,1,0
BRDA:345,10,0,0
BRDA:345,10,1,0
BRDA:359,11,0,0
BRDA:359,11,1,0
BRDA:411,12,0,0
BRDA:411,12,1,0
BRDA:411,13,0,0
BRDA:411,13,1,0
BRDA:425,14,0,0
BRDA:425,14,1,0
BRF:30
BRH:0
end_of_record
TN:
SF:src\variables\general.js
FNF:0
FNH:0
DA:5,0
DA:11,0
DA:15,0
DA:21,0
LF:4
LH:0
BRF:0
BRH:0
end_of_record
TN:
SF:src\views\Challenges\Challenges.js
FN:19,Challenges
FNF:1
FNH:0
FNDA:0,Challenges
DA:17,0
DA:20,0
DA:21,0
DA:32,0
LF:4
LH:0
BRF:0
BRH:0
end_of_record
TN:
SF:src\views\Dashboard\Dashboard.js
FN:26,Dashboard
FNF:1
FNH:1
FNDA:18,Dashboard
DA:24,1
DA:27,18
DA:28,18
DA:29,18
DA:30,18
DA:31,18
DA:32,18
DA:33,18
DA:34,18
DA:35,18
LF:10
LH:10
BRDA:29,0,0,18
BRDA:29,0,1,0
BRDA:30,1,0,18
BRDA:30,1,1,0
BRDA:31,2,0,18
BRDA:31,2,1,0
BRDA:32,3,0,18
BRDA:32,3,1,0
BRDA:33,4,0,18
BRDA:33,4,1,0
BRDA:34,5,0,18
BRDA:34,5,1,0
BRDA:34,6,0,18
BRDA:34,6,1,18
BRF:14
BRH:8
end_of_record
TN:
SF:src\views\Friends\Friends.js
FN:83,Friends
FNF:1
FNH:1
FNDA:4,Friends
DA:22,1
DA:58,1
DA:81,1
DA:84,4
DA:85,4
LF:5
LH:5
BRF:0
BRH:0
end_of_record
TN:
SF:src\views\Maps\Maps.js
FN:10,(anonymous_0)
FN:84,Maps
FNF:2
FNH:0
FNDA:0,(anonymous_0)
FNDA:0,Maps
DA:9,0
DA:11,0
DA:85,0
LF:3
LH:0
BRF:0
BRH:0
end_of_record
TN:
SF:src\views\Notifications\Notifications.js
FN:51,Notifications
FN:59,(anonymous_1)
FN:61,cleanup
FN:69,(anonymous_3)
FN:74,(anonymous_4)
FN:82,(anonymous_5)
FN:90,(anonymous_6)
FN:98,(anonymous_7)
FN:106,(anonymous_8)
FN:114,(anonymous_9)
FN:230,(anonymous_10)
FN:240,(anonymous_11)
FN:248,(anonymous_12)
FN:258,(anonymous_13)
FN:266,(anonymous_14)
FN:276,(anonymous_15)
FN:290,(anonymous_16)
FN:300,(anonymous_17)
FN:308,(anonymous_18)
FN:318,(anonymous_19)
FN:326,(anonymous_20)
FN:336,(anonymous_21)
FNF:22
FNH:0
FNDA:0,Notifications
FNDA:0,(anonymous_1)
FNDA:0,cleanup
FNDA:0,(anonymous_3)
FNDA:0,(anonymous_4)
FNDA:0,(anonymous_5)
FNDA:0,(anonymous_6)
FNDA:0,(anonymous_7)
FNDA:0,(anonymous_8)
FNDA:0,(anonymous_9)
FNDA:0,(anonymous_10)
FNDA:0,(anonymous_11)
FNDA:0,(anonymous_12)
FNDA:0,(anonymous_13)
FNDA:0,(anonymous_14)
FNDA:0,(anonymous_15)
FNDA:0,(anonymous_16)
FNDA:0,(anonymous_17)
FNDA:0,(anonymous_18)
FNDA:0,(anonymous_19)
FNDA:0,(anonymous_20)
FNDA:0,(anonymous_21)
DA:19,0
DA:49,0
DA:52,0
DA:53,0
DA:54,0
DA:55,0
DA:56,0
DA:57,0
DA:58,0
DA:59,0
DA:61,0
DA:63,0
DA:64,0
DA:65,0
DA:69,0
DA:70,0
DA:72,0
DA:73,0
DA:74,0
DA:75,0
DA:78,0
DA:80,0
DA:81,0
DA:82,0
DA:83,0
DA:86,0
DA:88,0
DA:89,0
DA:90,0
DA:91,0
DA:94,0
DA:96,0
DA:97,0
DA:98,0
DA:99,0
DA:102,0
DA:104,0
DA:105,0
DA:106,0
DA:107,0
DA:110,0
DA:112,0
DA:113,0
DA:114,0
DA:115,0
DA:118,0
DA:120,0
DA:123,0
DA:230,0
DA:240,0
DA:248,0
DA:258,0
DA:266,0
DA:276,0
DA:290,0
DA:300,0
DA:308,0
DA:318,0
DA:326,0
DA:336,0
LF:60
LH:0
BRDA:70,0,0,0
BRDA:70,0,1,0
BRDA:70,0,2,0
BRDA:70,0,3,0
BRDA:70,0,4,0
BRDA:70,0,5,0
BRDA:70,0,6,0
BRDA:72,1,0,0
BRDA:72,1,1,0
BRDA:80,2,0,0
BRDA:80,2,1,0
BRDA:88,3,0,0
BRDA:88,3,1,0
BRDA:96,4,0,0
BRDA:96,4,1,0
BRDA:104,5,0,0
BRDA:104,5,1,0
BRDA:112,6,0,0
BRDA:112,6,1,0
BRF:19
BRH:0
end_of_record
TN:
SF:src\views\TableList\TableList.js
FN:44,TableList
FNF:1
FNH:0
FNDA:0,TableList
DA:12,0
DA:42,0
DA:45,0
DA:46,0
LF:4
LH:0
BRF:0
BRH:0
end_of_record
TN:
SF:src\views\Typography\Typography.js
FN:55,TypographyPage
FNF:1
FNH:0
FNDA:0,TypographyPage
DA:16,0
DA:53,0
DA:56,0
DA:57,0
LF:4
LH:0
BRF:0
BRH:0
end_of_record
TN:
SF:src\views\UpgradeToPro\UpgradeToPro.js
FN:86,UpgradeToPro
FNF:1
FNH:0
FNDA:0,UpgradeToPro
DA:17,0
DA:84,0
DA:87,0
DA:88,0
LF:4
LH:0
BRF:0
BRH:0
end_of_record
TN:
SF:src\views\UserProfile\UserProfile.js
FN:39,UserProfile
FN:157,(anonymous_1)
FNF:2
FNH:0
FNDA:0,UserProfile
FNDA:0,(anonymous_1)
DA:18,0
DA:37,0
DA:40,0
DA:41,0
DA:157,0
LF:5
LH:0
BRF:0
BRH:0
end_of_record
